[2025-10-26T23:03:10.638+0000] {processor.py:186} INFO - Started process (PID=2890) to work on /opt/airflow/dags/hw6_pt1.py
[2025-10-26T23:03:10.645+0000] {processor.py:914} INFO - Processing file /opt/airflow/dags/hw6_pt1.py for tasks to queue
[2025-10-26T23:03:10.649+0000] {logging_mixin.py:190} INFO - [2025-10-26T23:03:10.649+0000] {dagbag.py:587} INFO - Filling up the DagBag from /opt/airflow/dags/hw6_pt1.py
[2025-10-26T23:03:10.662+0000] {logging_mixin.py:190} INFO - [2025-10-26T23:03:10.658+0000] {dagbag.py:386} ERROR - Failed to import: /opt/airflow/dags/hw6_pt1.py
Traceback (most recent call last):
  File "/home/airflow/.local/lib/python3.12/site-packages/airflow/models/dagbag.py", line 382, in parse
    loader.exec_module(new_module)
  File "<frozen importlib._bootstrap_external>", line 995, in exec_module
  File "<frozen importlib._bootstrap>", line 488, in _call_with_frames_removed
  File "/opt/airflow/dags/hw6_pt1.py", line 78, in <module>
    with DAG (
         ^^^^^
TypeError: DAG.__init__() got an unexpected keyword argument 'start_data'
[2025-10-26T23:03:10.662+0000] {processor.py:927} WARNING - No viable dags retrieved from /opt/airflow/dags/hw6_pt1.py
[2025-10-26T23:03:10.703+0000] {processor.py:208} INFO - Processing /opt/airflow/dags/hw6_pt1.py took 0.103 seconds
[2025-10-26T23:03:40.885+0000] {processor.py:186} INFO - Started process (PID=2911) to work on /opt/airflow/dags/hw6_pt1.py
[2025-10-26T23:03:40.887+0000] {processor.py:914} INFO - Processing file /opt/airflow/dags/hw6_pt1.py for tasks to queue
[2025-10-26T23:03:40.892+0000] {logging_mixin.py:190} INFO - [2025-10-26T23:03:40.892+0000] {dagbag.py:587} INFO - Filling up the DagBag from /opt/airflow/dags/hw6_pt1.py
[2025-10-26T23:03:40.902+0000] {logging_mixin.py:190} INFO - [2025-10-26T23:03:40.899+0000] {dagbag.py:386} ERROR - Failed to import: /opt/airflow/dags/hw6_pt1.py
Traceback (most recent call last):
  File "/home/airflow/.local/lib/python3.12/site-packages/airflow/models/dagbag.py", line 382, in parse
    loader.exec_module(new_module)
  File "<frozen importlib._bootstrap_external>", line 995, in exec_module
  File "<frozen importlib._bootstrap>", line 488, in _call_with_frames_removed
  File "/opt/airflow/dags/hw6_pt1.py", line 78, in <module>
    with DAG (
         ^^^^^
TypeError: DAG.__init__() got an unexpected keyword argument 'start_data'
[2025-10-26T23:03:40.903+0000] {processor.py:927} WARNING - No viable dags retrieved from /opt/airflow/dags/hw6_pt1.py
[2025-10-26T23:03:40.932+0000] {processor.py:208} INFO - Processing /opt/airflow/dags/hw6_pt1.py took 0.068 seconds
[2025-10-26T23:04:11.266+0000] {processor.py:186} INFO - Started process (PID=2932) to work on /opt/airflow/dags/hw6_pt1.py
[2025-10-26T23:04:11.268+0000] {processor.py:914} INFO - Processing file /opt/airflow/dags/hw6_pt1.py for tasks to queue
[2025-10-26T23:04:11.271+0000] {logging_mixin.py:190} INFO - [2025-10-26T23:04:11.271+0000] {dagbag.py:587} INFO - Filling up the DagBag from /opt/airflow/dags/hw6_pt1.py
[2025-10-26T23:04:11.279+0000] {logging_mixin.py:190} INFO - [2025-10-26T23:04:11.277+0000] {dagbag.py:386} ERROR - Failed to import: /opt/airflow/dags/hw6_pt1.py
Traceback (most recent call last):
  File "/home/airflow/.local/lib/python3.12/site-packages/airflow/models/dagbag.py", line 382, in parse
    loader.exec_module(new_module)
  File "<frozen importlib._bootstrap_external>", line 995, in exec_module
  File "<frozen importlib._bootstrap>", line 488, in _call_with_frames_removed
  File "/opt/airflow/dags/hw6_pt1.py", line 78, in <module>
    with DAG (
         ^^^^^
TypeError: DAG.__init__() got an unexpected keyword argument 'start_data'
[2025-10-26T23:04:11.280+0000] {processor.py:927} WARNING - No viable dags retrieved from /opt/airflow/dags/hw6_pt1.py
[2025-10-26T23:04:11.308+0000] {processor.py:208} INFO - Processing /opt/airflow/dags/hw6_pt1.py took 0.050 seconds
[2025-10-26T23:04:41.406+0000] {processor.py:186} INFO - Started process (PID=2953) to work on /opt/airflow/dags/hw6_pt1.py
[2025-10-26T23:04:41.408+0000] {processor.py:914} INFO - Processing file /opt/airflow/dags/hw6_pt1.py for tasks to queue
[2025-10-26T23:04:41.412+0000] {logging_mixin.py:190} INFO - [2025-10-26T23:04:41.412+0000] {dagbag.py:587} INFO - Filling up the DagBag from /opt/airflow/dags/hw6_pt1.py
[2025-10-26T23:04:41.422+0000] {logging_mixin.py:190} INFO - [2025-10-26T23:04:41.420+0000] {dagbag.py:386} ERROR - Failed to import: /opt/airflow/dags/hw6_pt1.py
Traceback (most recent call last):
  File "/home/airflow/.local/lib/python3.12/site-packages/airflow/models/dagbag.py", line 382, in parse
    loader.exec_module(new_module)
  File "<frozen importlib._bootstrap_external>", line 995, in exec_module
  File "<frozen importlib._bootstrap>", line 488, in _call_with_frames_removed
  File "/opt/airflow/dags/hw6_pt1.py", line 78, in <module>
    with DAG (
         ^^^^^
TypeError: DAG.__init__() got an unexpected keyword argument 'start_data'
[2025-10-26T23:04:41.423+0000] {processor.py:927} WARNING - No viable dags retrieved from /opt/airflow/dags/hw6_pt1.py
[2025-10-26T23:04:41.449+0000] {processor.py:208} INFO - Processing /opt/airflow/dags/hw6_pt1.py took 0.056 seconds
[2025-10-26T23:05:11.569+0000] {processor.py:186} INFO - Started process (PID=2974) to work on /opt/airflow/dags/hw6_pt1.py
[2025-10-26T23:05:11.571+0000] {processor.py:914} INFO - Processing file /opt/airflow/dags/hw6_pt1.py for tasks to queue
[2025-10-26T23:05:11.575+0000] {logging_mixin.py:190} INFO - [2025-10-26T23:05:11.574+0000] {dagbag.py:587} INFO - Filling up the DagBag from /opt/airflow/dags/hw6_pt1.py
[2025-10-26T23:05:11.583+0000] {logging_mixin.py:190} INFO - [2025-10-26T23:05:11.581+0000] {dagbag.py:386} ERROR - Failed to import: /opt/airflow/dags/hw6_pt1.py
Traceback (most recent call last):
  File "/home/airflow/.local/lib/python3.12/site-packages/airflow/models/dagbag.py", line 382, in parse
    loader.exec_module(new_module)
  File "<frozen importlib._bootstrap_external>", line 995, in exec_module
  File "<frozen importlib._bootstrap>", line 488, in _call_with_frames_removed
  File "/opt/airflow/dags/hw6_pt1.py", line 78, in <module>
    with DAG (
         ^^^^^
TypeError: DAG.__init__() got an unexpected keyword argument 'start_data'
[2025-10-26T23:05:11.584+0000] {processor.py:927} WARNING - No viable dags retrieved from /opt/airflow/dags/hw6_pt1.py
[2025-10-26T23:05:11.610+0000] {processor.py:208} INFO - Processing /opt/airflow/dags/hw6_pt1.py took 0.055 seconds
[2025-10-26T23:05:41.903+0000] {processor.py:186} INFO - Started process (PID=2995) to work on /opt/airflow/dags/hw6_pt1.py
[2025-10-26T23:05:41.905+0000] {processor.py:914} INFO - Processing file /opt/airflow/dags/hw6_pt1.py for tasks to queue
[2025-10-26T23:05:41.909+0000] {logging_mixin.py:190} INFO - [2025-10-26T23:05:41.908+0000] {dagbag.py:587} INFO - Filling up the DagBag from /opt/airflow/dags/hw6_pt1.py
[2025-10-26T23:05:41.917+0000] {logging_mixin.py:190} INFO - [2025-10-26T23:05:41.915+0000] {dagbag.py:386} ERROR - Failed to import: /opt/airflow/dags/hw6_pt1.py
Traceback (most recent call last):
  File "/home/airflow/.local/lib/python3.12/site-packages/airflow/models/dagbag.py", line 382, in parse
    loader.exec_module(new_module)
  File "<frozen importlib._bootstrap_external>", line 995, in exec_module
  File "<frozen importlib._bootstrap>", line 488, in _call_with_frames_removed
  File "/opt/airflow/dags/hw6_pt1.py", line 78, in <module>
    with DAG (
         ^^^^^
TypeError: DAG.__init__() got an unexpected keyword argument 'start_data'
[2025-10-26T23:05:41.918+0000] {processor.py:927} WARNING - No viable dags retrieved from /opt/airflow/dags/hw6_pt1.py
[2025-10-26T23:05:41.944+0000] {processor.py:208} INFO - Processing /opt/airflow/dags/hw6_pt1.py took 0.051 seconds
[2025-10-26T23:06:12.323+0000] {processor.py:186} INFO - Started process (PID=3016) to work on /opt/airflow/dags/hw6_pt1.py
[2025-10-26T23:06:12.327+0000] {processor.py:914} INFO - Processing file /opt/airflow/dags/hw6_pt1.py for tasks to queue
[2025-10-26T23:06:12.332+0000] {logging_mixin.py:190} INFO - [2025-10-26T23:06:12.331+0000] {dagbag.py:587} INFO - Filling up the DagBag from /opt/airflow/dags/hw6_pt1.py
[2025-10-26T23:06:12.341+0000] {logging_mixin.py:190} INFO - [2025-10-26T23:06:12.339+0000] {dagbag.py:386} ERROR - Failed to import: /opt/airflow/dags/hw6_pt1.py
Traceback (most recent call last):
  File "/home/airflow/.local/lib/python3.12/site-packages/airflow/models/dagbag.py", line 382, in parse
    loader.exec_module(new_module)
  File "<frozen importlib._bootstrap_external>", line 995, in exec_module
  File "<frozen importlib._bootstrap>", line 488, in _call_with_frames_removed
  File "/opt/airflow/dags/hw6_pt1.py", line 78, in <module>
    with DAG (
         ^^^^^
TypeError: DAG.__init__() got an unexpected keyword argument 'start_data'
[2025-10-26T23:06:12.342+0000] {processor.py:927} WARNING - No viable dags retrieved from /opt/airflow/dags/hw6_pt1.py
[2025-10-26T23:06:12.369+0000] {processor.py:208} INFO - Processing /opt/airflow/dags/hw6_pt1.py took 0.055 seconds
[2025-10-26T23:06:42.589+0000] {processor.py:186} INFO - Started process (PID=3037) to work on /opt/airflow/dags/hw6_pt1.py
[2025-10-26T23:06:42.590+0000] {processor.py:914} INFO - Processing file /opt/airflow/dags/hw6_pt1.py for tasks to queue
[2025-10-26T23:06:42.594+0000] {logging_mixin.py:190} INFO - [2025-10-26T23:06:42.593+0000] {dagbag.py:587} INFO - Filling up the DagBag from /opt/airflow/dags/hw6_pt1.py
[2025-10-26T23:06:42.602+0000] {logging_mixin.py:190} INFO - [2025-10-26T23:06:42.600+0000] {dagbag.py:386} ERROR - Failed to import: /opt/airflow/dags/hw6_pt1.py
Traceback (most recent call last):
  File "/home/airflow/.local/lib/python3.12/site-packages/airflow/models/dagbag.py", line 382, in parse
    loader.exec_module(new_module)
  File "<frozen importlib._bootstrap_external>", line 995, in exec_module
  File "<frozen importlib._bootstrap>", line 488, in _call_with_frames_removed
  File "/opt/airflow/dags/hw6_pt1.py", line 78, in <module>
    with DAG (
         ^^^^^
TypeError: DAG.__init__() got an unexpected keyword argument 'start_data'
[2025-10-26T23:06:42.603+0000] {processor.py:927} WARNING - No viable dags retrieved from /opt/airflow/dags/hw6_pt1.py
[2025-10-26T23:06:42.627+0000] {processor.py:208} INFO - Processing /opt/airflow/dags/hw6_pt1.py took 0.046 seconds
[2025-10-26T23:07:12.840+0000] {processor.py:186} INFO - Started process (PID=3058) to work on /opt/airflow/dags/hw6_pt1.py
[2025-10-26T23:07:12.842+0000] {processor.py:914} INFO - Processing file /opt/airflow/dags/hw6_pt1.py for tasks to queue
[2025-10-26T23:07:12.868+0000] {logging_mixin.py:190} INFO - [2025-10-26T23:07:12.860+0000] {dagbag.py:587} INFO - Filling up the DagBag from /opt/airflow/dags/hw6_pt1.py
[2025-10-26T23:07:12.895+0000] {logging_mixin.py:190} INFO - [2025-10-26T23:07:12.891+0000] {dagbag.py:386} ERROR - Failed to import: /opt/airflow/dags/hw6_pt1.py
Traceback (most recent call last):
  File "/home/airflow/.local/lib/python3.12/site-packages/airflow/models/dagbag.py", line 382, in parse
    loader.exec_module(new_module)
  File "<frozen importlib._bootstrap_external>", line 995, in exec_module
  File "<frozen importlib._bootstrap>", line 488, in _call_with_frames_removed
  File "/opt/airflow/dags/hw6_pt1.py", line 78, in <module>
    with DAG (
         ^^^^^
TypeError: DAG.__init__() got an unexpected keyword argument 'start_data'
[2025-10-26T23:07:12.896+0000] {processor.py:927} WARNING - No viable dags retrieved from /opt/airflow/dags/hw6_pt1.py
[2025-10-26T23:07:12.935+0000] {processor.py:208} INFO - Processing /opt/airflow/dags/hw6_pt1.py took 0.110 seconds
[2025-10-26T23:07:43.134+0000] {processor.py:186} INFO - Started process (PID=3079) to work on /opt/airflow/dags/hw6_pt1.py
[2025-10-26T23:07:43.135+0000] {processor.py:914} INFO - Processing file /opt/airflow/dags/hw6_pt1.py for tasks to queue
[2025-10-26T23:07:43.139+0000] {logging_mixin.py:190} INFO - [2025-10-26T23:07:43.139+0000] {dagbag.py:587} INFO - Filling up the DagBag from /opt/airflow/dags/hw6_pt1.py
[2025-10-26T23:07:43.148+0000] {logging_mixin.py:190} INFO - [2025-10-26T23:07:43.145+0000] {dagbag.py:386} ERROR - Failed to import: /opt/airflow/dags/hw6_pt1.py
Traceback (most recent call last):
  File "/home/airflow/.local/lib/python3.12/site-packages/airflow/models/dagbag.py", line 382, in parse
    loader.exec_module(new_module)
  File "<frozen importlib._bootstrap_external>", line 995, in exec_module
  File "<frozen importlib._bootstrap>", line 488, in _call_with_frames_removed
  File "/opt/airflow/dags/hw6_pt1.py", line 78, in <module>
    with DAG (
         ^^^^^
TypeError: DAG.__init__() got an unexpected keyword argument 'start_data'
[2025-10-26T23:07:43.149+0000] {processor.py:927} WARNING - No viable dags retrieved from /opt/airflow/dags/hw6_pt1.py
[2025-10-26T23:07:43.174+0000] {processor.py:208} INFO - Processing /opt/airflow/dags/hw6_pt1.py took 0.051 seconds
[2025-10-26T23:08:13.223+0000] {processor.py:186} INFO - Started process (PID=3100) to work on /opt/airflow/dags/hw6_pt1.py
[2025-10-26T23:08:13.225+0000] {processor.py:914} INFO - Processing file /opt/airflow/dags/hw6_pt1.py for tasks to queue
[2025-10-26T23:08:13.229+0000] {logging_mixin.py:190} INFO - [2025-10-26T23:08:13.229+0000] {dagbag.py:587} INFO - Filling up the DagBag from /opt/airflow/dags/hw6_pt1.py
[2025-10-26T23:08:13.237+0000] {logging_mixin.py:190} INFO - [2025-10-26T23:08:13.235+0000] {dagbag.py:386} ERROR - Failed to import: /opt/airflow/dags/hw6_pt1.py
Traceback (most recent call last):
  File "/home/airflow/.local/lib/python3.12/site-packages/airflow/models/dagbag.py", line 382, in parse
    loader.exec_module(new_module)
  File "<frozen importlib._bootstrap_external>", line 995, in exec_module
  File "<frozen importlib._bootstrap>", line 488, in _call_with_frames_removed
  File "/opt/airflow/dags/hw6_pt1.py", line 78, in <module>
    with DAG (
         ^^^^^
TypeError: DAG.__init__() got an unexpected keyword argument 'start_data'
[2025-10-26T23:08:13.237+0000] {processor.py:927} WARNING - No viable dags retrieved from /opt/airflow/dags/hw6_pt1.py
[2025-10-26T23:08:13.261+0000] {processor.py:208} INFO - Processing /opt/airflow/dags/hw6_pt1.py took 0.046 seconds
[2025-10-26T23:08:43.527+0000] {processor.py:186} INFO - Started process (PID=3121) to work on /opt/airflow/dags/hw6_pt1.py
[2025-10-26T23:08:43.530+0000] {processor.py:914} INFO - Processing file /opt/airflow/dags/hw6_pt1.py for tasks to queue
[2025-10-26T23:08:43.533+0000] {logging_mixin.py:190} INFO - [2025-10-26T23:08:43.532+0000] {dagbag.py:587} INFO - Filling up the DagBag from /opt/airflow/dags/hw6_pt1.py
[2025-10-26T23:08:43.540+0000] {logging_mixin.py:190} INFO - [2025-10-26T23:08:43.538+0000] {dagbag.py:386} ERROR - Failed to import: /opt/airflow/dags/hw6_pt1.py
Traceback (most recent call last):
  File "/home/airflow/.local/lib/python3.12/site-packages/airflow/models/dagbag.py", line 382, in parse
    loader.exec_module(new_module)
  File "<frozen importlib._bootstrap_external>", line 995, in exec_module
  File "<frozen importlib._bootstrap>", line 488, in _call_with_frames_removed
  File "/opt/airflow/dags/hw6_pt1.py", line 78, in <module>
    with DAG (
         ^^^^^
TypeError: DAG.__init__() got an unexpected keyword argument 'start_data'
[2025-10-26T23:08:43.541+0000] {processor.py:927} WARNING - No viable dags retrieved from /opt/airflow/dags/hw6_pt1.py
[2025-10-26T23:08:43.574+0000] {processor.py:208} INFO - Processing /opt/airflow/dags/hw6_pt1.py took 0.063 seconds
[2025-10-26T23:09:13.989+0000] {processor.py:186} INFO - Started process (PID=3142) to work on /opt/airflow/dags/hw6_pt1.py
[2025-10-26T23:09:13.991+0000] {processor.py:914} INFO - Processing file /opt/airflow/dags/hw6_pt1.py for tasks to queue
[2025-10-26T23:09:13.995+0000] {logging_mixin.py:190} INFO - [2025-10-26T23:09:13.995+0000] {dagbag.py:587} INFO - Filling up the DagBag from /opt/airflow/dags/hw6_pt1.py
[2025-10-26T23:09:14.003+0000] {logging_mixin.py:190} INFO - [2025-10-26T23:09:14.001+0000] {dagbag.py:386} ERROR - Failed to import: /opt/airflow/dags/hw6_pt1.py
Traceback (most recent call last):
  File "/home/airflow/.local/lib/python3.12/site-packages/airflow/models/dagbag.py", line 382, in parse
    loader.exec_module(new_module)
  File "<frozen importlib._bootstrap_external>", line 995, in exec_module
  File "<frozen importlib._bootstrap>", line 488, in _call_with_frames_removed
  File "/opt/airflow/dags/hw6_pt1.py", line 78, in <module>
    with DAG (
         ^^^^^
TypeError: DAG.__init__() got an unexpected keyword argument 'start_data'
[2025-10-26T23:09:14.004+0000] {processor.py:927} WARNING - No viable dags retrieved from /opt/airflow/dags/hw6_pt1.py
[2025-10-26T23:09:14.032+0000] {processor.py:208} INFO - Processing /opt/airflow/dags/hw6_pt1.py took 0.052 seconds
[2025-10-26T23:09:44.271+0000] {processor.py:186} INFO - Started process (PID=3163) to work on /opt/airflow/dags/hw6_pt1.py
[2025-10-26T23:09:44.273+0000] {processor.py:914} INFO - Processing file /opt/airflow/dags/hw6_pt1.py for tasks to queue
[2025-10-26T23:09:44.276+0000] {logging_mixin.py:190} INFO - [2025-10-26T23:09:44.275+0000] {dagbag.py:587} INFO - Filling up the DagBag from /opt/airflow/dags/hw6_pt1.py
[2025-10-26T23:09:44.282+0000] {logging_mixin.py:190} INFO - [2025-10-26T23:09:44.280+0000] {dagbag.py:386} ERROR - Failed to import: /opt/airflow/dags/hw6_pt1.py
Traceback (most recent call last):
  File "/home/airflow/.local/lib/python3.12/site-packages/airflow/models/dagbag.py", line 382, in parse
    loader.exec_module(new_module)
  File "<frozen importlib._bootstrap_external>", line 995, in exec_module
  File "<frozen importlib._bootstrap>", line 488, in _call_with_frames_removed
  File "/opt/airflow/dags/hw6_pt1.py", line 78, in <module>
    with DAG (
         ^^^^^
TypeError: DAG.__init__() got an unexpected keyword argument 'start_data'
[2025-10-26T23:09:44.282+0000] {processor.py:927} WARNING - No viable dags retrieved from /opt/airflow/dags/hw6_pt1.py
[2025-10-26T23:09:44.316+0000] {processor.py:208} INFO - Processing /opt/airflow/dags/hw6_pt1.py took 0.052 seconds
[2025-10-26T23:10:14.694+0000] {processor.py:186} INFO - Started process (PID=3184) to work on /opt/airflow/dags/hw6_pt1.py
[2025-10-26T23:10:14.696+0000] {processor.py:914} INFO - Processing file /opt/airflow/dags/hw6_pt1.py for tasks to queue
[2025-10-26T23:10:14.701+0000] {logging_mixin.py:190} INFO - [2025-10-26T23:10:14.700+0000] {dagbag.py:587} INFO - Filling up the DagBag from /opt/airflow/dags/hw6_pt1.py
[2025-10-26T23:10:14.708+0000] {logging_mixin.py:190} INFO - [2025-10-26T23:10:14.706+0000] {dagbag.py:386} ERROR - Failed to import: /opt/airflow/dags/hw6_pt1.py
Traceback (most recent call last):
  File "/home/airflow/.local/lib/python3.12/site-packages/airflow/models/dagbag.py", line 382, in parse
    loader.exec_module(new_module)
  File "<frozen importlib._bootstrap_external>", line 995, in exec_module
  File "<frozen importlib._bootstrap>", line 488, in _call_with_frames_removed
  File "/opt/airflow/dags/hw6_pt1.py", line 78, in <module>
    with DAG (
         ^^^^^
TypeError: DAG.__init__() got an unexpected keyword argument 'start_data'
[2025-10-26T23:10:14.709+0000] {processor.py:927} WARNING - No viable dags retrieved from /opt/airflow/dags/hw6_pt1.py
[2025-10-26T23:10:14.737+0000] {processor.py:208} INFO - Processing /opt/airflow/dags/hw6_pt1.py took 0.052 seconds
[2025-10-26T23:10:44.876+0000] {processor.py:186} INFO - Started process (PID=3200) to work on /opt/airflow/dags/hw6_pt1.py
[2025-10-26T23:10:44.878+0000] {processor.py:914} INFO - Processing file /opt/airflow/dags/hw6_pt1.py for tasks to queue
[2025-10-26T23:10:44.883+0000] {logging_mixin.py:190} INFO - [2025-10-26T23:10:44.882+0000] {dagbag.py:587} INFO - Filling up the DagBag from /opt/airflow/dags/hw6_pt1.py
[2025-10-26T23:10:44.893+0000] {logging_mixin.py:190} INFO - [2025-10-26T23:10:44.891+0000] {dagbag.py:386} ERROR - Failed to import: /opt/airflow/dags/hw6_pt1.py
Traceback (most recent call last):
  File "/home/airflow/.local/lib/python3.12/site-packages/airflow/models/dagbag.py", line 382, in parse
    loader.exec_module(new_module)
  File "<frozen importlib._bootstrap_external>", line 995, in exec_module
  File "<frozen importlib._bootstrap>", line 488, in _call_with_frames_removed
  File "/opt/airflow/dags/hw6_pt1.py", line 78, in <module>
    with DAG (
         ^^^^^
TypeError: DAG.__init__() got an unexpected keyword argument 'start_data'
[2025-10-26T23:10:44.897+0000] {processor.py:927} WARNING - No viable dags retrieved from /opt/airflow/dags/hw6_pt1.py
[2025-10-26T23:10:44.941+0000] {processor.py:208} INFO - Processing /opt/airflow/dags/hw6_pt1.py took 0.078 seconds
[2025-10-26T23:11:15.184+0000] {processor.py:186} INFO - Started process (PID=3221) to work on /opt/airflow/dags/hw6_pt1.py
[2025-10-26T23:11:15.186+0000] {processor.py:914} INFO - Processing file /opt/airflow/dags/hw6_pt1.py for tasks to queue
[2025-10-26T23:11:15.191+0000] {logging_mixin.py:190} INFO - [2025-10-26T23:11:15.190+0000] {dagbag.py:587} INFO - Filling up the DagBag from /opt/airflow/dags/hw6_pt1.py
[2025-10-26T23:11:15.201+0000] {logging_mixin.py:190} INFO - [2025-10-26T23:11:15.198+0000] {dagbag.py:386} ERROR - Failed to import: /opt/airflow/dags/hw6_pt1.py
Traceback (most recent call last):
  File "/home/airflow/.local/lib/python3.12/site-packages/airflow/models/dagbag.py", line 382, in parse
    loader.exec_module(new_module)
  File "<frozen importlib._bootstrap_external>", line 995, in exec_module
  File "<frozen importlib._bootstrap>", line 488, in _call_with_frames_removed
  File "/opt/airflow/dags/hw6_pt1.py", line 78, in <module>
    with DAG (
         ^^^^^
TypeError: DAG.__init__() got an unexpected keyword argument 'start_data'
[2025-10-26T23:11:15.202+0000] {processor.py:927} WARNING - No viable dags retrieved from /opt/airflow/dags/hw6_pt1.py
[2025-10-26T23:11:15.235+0000] {processor.py:208} INFO - Processing /opt/airflow/dags/hw6_pt1.py took 0.061 seconds
[2025-10-26T23:11:45.730+0000] {processor.py:186} INFO - Started process (PID=3242) to work on /opt/airflow/dags/hw6_pt1.py
[2025-10-26T23:11:45.769+0000] {processor.py:914} INFO - Processing file /opt/airflow/dags/hw6_pt1.py for tasks to queue
[2025-10-26T23:11:45.783+0000] {logging_mixin.py:190} INFO - [2025-10-26T23:11:45.782+0000] {dagbag.py:587} INFO - Filling up the DagBag from /opt/airflow/dags/hw6_pt1.py
[2025-10-26T23:11:45.794+0000] {logging_mixin.py:190} INFO - [2025-10-26T23:11:45.791+0000] {dagbag.py:386} ERROR - Failed to import: /opt/airflow/dags/hw6_pt1.py
Traceback (most recent call last):
  File "/home/airflow/.local/lib/python3.12/site-packages/airflow/models/dagbag.py", line 382, in parse
    loader.exec_module(new_module)
  File "<frozen importlib._bootstrap_external>", line 995, in exec_module
  File "<frozen importlib._bootstrap>", line 488, in _call_with_frames_removed
  File "/opt/airflow/dags/hw6_pt1.py", line 78, in <module>
    with DAG (
         ^^^^^
TypeError: DAG.__init__() got an unexpected keyword argument 'start_data'
[2025-10-26T23:11:45.796+0000] {processor.py:927} WARNING - No viable dags retrieved from /opt/airflow/dags/hw6_pt1.py
[2025-10-26T23:11:45.834+0000] {processor.py:208} INFO - Processing /opt/airflow/dags/hw6_pt1.py took 0.125 seconds
[2025-10-26T23:12:16.085+0000] {processor.py:186} INFO - Started process (PID=3263) to work on /opt/airflow/dags/hw6_pt1.py
[2025-10-26T23:12:16.094+0000] {processor.py:914} INFO - Processing file /opt/airflow/dags/hw6_pt1.py for tasks to queue
[2025-10-26T23:12:16.109+0000] {logging_mixin.py:190} INFO - [2025-10-26T23:12:16.104+0000] {dagbag.py:587} INFO - Filling up the DagBag from /opt/airflow/dags/hw6_pt1.py
[2025-10-26T23:12:16.125+0000] {logging_mixin.py:190} INFO - [2025-10-26T23:12:16.120+0000] {dagbag.py:386} ERROR - Failed to import: /opt/airflow/dags/hw6_pt1.py
Traceback (most recent call last):
  File "/home/airflow/.local/lib/python3.12/site-packages/airflow/models/dagbag.py", line 382, in parse
    loader.exec_module(new_module)
  File "<frozen importlib._bootstrap_external>", line 995, in exec_module
  File "<frozen importlib._bootstrap>", line 488, in _call_with_frames_removed
  File "/opt/airflow/dags/hw6_pt1.py", line 78, in <module>
    with DAG (
         ^^^^^
TypeError: DAG.__init__() got an unexpected keyword argument 'start_data'
[2025-10-26T23:12:16.126+0000] {processor.py:927} WARNING - No viable dags retrieved from /opt/airflow/dags/hw6_pt1.py
[2025-10-26T23:12:16.174+0000] {processor.py:208} INFO - Processing /opt/airflow/dags/hw6_pt1.py took 0.118 seconds
[2025-10-26T23:12:46.542+0000] {processor.py:186} INFO - Started process (PID=3284) to work on /opt/airflow/dags/hw6_pt1.py
[2025-10-26T23:12:46.544+0000] {processor.py:914} INFO - Processing file /opt/airflow/dags/hw6_pt1.py for tasks to queue
[2025-10-26T23:12:46.550+0000] {logging_mixin.py:190} INFO - [2025-10-26T23:12:46.549+0000] {dagbag.py:587} INFO - Filling up the DagBag from /opt/airflow/dags/hw6_pt1.py
[2025-10-26T23:12:46.559+0000] {logging_mixin.py:190} INFO - [2025-10-26T23:12:46.556+0000] {dagbag.py:386} ERROR - Failed to import: /opt/airflow/dags/hw6_pt1.py
Traceback (most recent call last):
  File "/home/airflow/.local/lib/python3.12/site-packages/airflow/models/dagbag.py", line 382, in parse
    loader.exec_module(new_module)
  File "<frozen importlib._bootstrap_external>", line 995, in exec_module
  File "<frozen importlib._bootstrap>", line 488, in _call_with_frames_removed
  File "/opt/airflow/dags/hw6_pt1.py", line 78, in <module>
    with DAG (
         ^^^^^
TypeError: DAG.__init__() got an unexpected keyword argument 'start_data'
[2025-10-26T23:12:46.559+0000] {processor.py:927} WARNING - No viable dags retrieved from /opt/airflow/dags/hw6_pt1.py
[2025-10-26T23:12:46.587+0000] {processor.py:208} INFO - Processing /opt/airflow/dags/hw6_pt1.py took 0.054 seconds
[2025-10-26T23:13:17.417+0000] {processor.py:186} INFO - Started process (PID=3305) to work on /opt/airflow/dags/hw6_pt1.py
[2025-10-26T23:13:17.418+0000] {processor.py:914} INFO - Processing file /opt/airflow/dags/hw6_pt1.py for tasks to queue
[2025-10-26T23:13:17.421+0000] {logging_mixin.py:190} INFO - [2025-10-26T23:13:17.421+0000] {dagbag.py:587} INFO - Filling up the DagBag from /opt/airflow/dags/hw6_pt1.py
[2025-10-26T23:13:17.428+0000] {logging_mixin.py:190} INFO - [2025-10-26T23:13:17.426+0000] {dagbag.py:386} ERROR - Failed to import: /opt/airflow/dags/hw6_pt1.py
Traceback (most recent call last):
  File "/home/airflow/.local/lib/python3.12/site-packages/airflow/models/dagbag.py", line 382, in parse
    loader.exec_module(new_module)
  File "<frozen importlib._bootstrap_external>", line 995, in exec_module
  File "<frozen importlib._bootstrap>", line 488, in _call_with_frames_removed
  File "/opt/airflow/dags/hw6_pt1.py", line 78, in <module>
    with DAG (
         ^^^^^
TypeError: DAG.__init__() got an unexpected keyword argument 'start_data'
[2025-10-26T23:13:17.429+0000] {processor.py:927} WARNING - No viable dags retrieved from /opt/airflow/dags/hw6_pt1.py
[2025-10-26T23:13:17.453+0000] {processor.py:208} INFO - Processing /opt/airflow/dags/hw6_pt1.py took 0.044 seconds
[2025-10-26T23:13:47.852+0000] {processor.py:186} INFO - Started process (PID=3326) to work on /opt/airflow/dags/hw6_pt1.py
[2025-10-26T23:13:47.854+0000] {processor.py:914} INFO - Processing file /opt/airflow/dags/hw6_pt1.py for tasks to queue
[2025-10-26T23:13:47.858+0000] {logging_mixin.py:190} INFO - [2025-10-26T23:13:47.857+0000] {dagbag.py:587} INFO - Filling up the DagBag from /opt/airflow/dags/hw6_pt1.py
[2025-10-26T23:13:47.865+0000] {logging_mixin.py:190} INFO - [2025-10-26T23:13:47.863+0000] {dagbag.py:386} ERROR - Failed to import: /opt/airflow/dags/hw6_pt1.py
Traceback (most recent call last):
  File "/home/airflow/.local/lib/python3.12/site-packages/airflow/models/dagbag.py", line 382, in parse
    loader.exec_module(new_module)
  File "<frozen importlib._bootstrap_external>", line 995, in exec_module
  File "<frozen importlib._bootstrap>", line 488, in _call_with_frames_removed
  File "/opt/airflow/dags/hw6_pt1.py", line 78, in <module>
    with DAG (
         ^^^^^
TypeError: DAG.__init__() got an unexpected keyword argument 'start_data'
[2025-10-26T23:13:47.866+0000] {processor.py:927} WARNING - No viable dags retrieved from /opt/airflow/dags/hw6_pt1.py
[2025-10-26T23:13:47.890+0000] {processor.py:208} INFO - Processing /opt/airflow/dags/hw6_pt1.py took 0.046 seconds
[2025-10-26T23:14:18.059+0000] {processor.py:186} INFO - Started process (PID=3347) to work on /opt/airflow/dags/hw6_pt1.py
[2025-10-26T23:14:18.061+0000] {processor.py:914} INFO - Processing file /opt/airflow/dags/hw6_pt1.py for tasks to queue
[2025-10-26T23:14:18.066+0000] {logging_mixin.py:190} INFO - [2025-10-26T23:14:18.065+0000] {dagbag.py:587} INFO - Filling up the DagBag from /opt/airflow/dags/hw6_pt1.py
[2025-10-26T23:14:18.077+0000] {logging_mixin.py:190} INFO - [2025-10-26T23:14:18.074+0000] {dagbag.py:386} ERROR - Failed to import: /opt/airflow/dags/hw6_pt1.py
Traceback (most recent call last):
  File "/home/airflow/.local/lib/python3.12/site-packages/airflow/models/dagbag.py", line 382, in parse
    loader.exec_module(new_module)
  File "<frozen importlib._bootstrap_external>", line 995, in exec_module
  File "<frozen importlib._bootstrap>", line 488, in _call_with_frames_removed
  File "/opt/airflow/dags/hw6_pt1.py", line 78, in <module>
    with DAG (
         ^^^^^
TypeError: DAG.__init__() got an unexpected keyword argument 'start_data'
[2025-10-26T23:14:18.078+0000] {processor.py:927} WARNING - No viable dags retrieved from /opt/airflow/dags/hw6_pt1.py
[2025-10-26T23:14:18.111+0000] {processor.py:208} INFO - Processing /opt/airflow/dags/hw6_pt1.py took 0.063 seconds
[2025-10-26T23:14:48.760+0000] {processor.py:186} INFO - Started process (PID=3363) to work on /opt/airflow/dags/hw6_pt1.py
[2025-10-26T23:14:48.773+0000] {processor.py:914} INFO - Processing file /opt/airflow/dags/hw6_pt1.py for tasks to queue
[2025-10-26T23:14:48.810+0000] {logging_mixin.py:190} INFO - [2025-10-26T23:14:48.806+0000] {dagbag.py:587} INFO - Filling up the DagBag from /opt/airflow/dags/hw6_pt1.py
[2025-10-26T23:14:48.876+0000] {logging_mixin.py:190} INFO - [2025-10-26T23:14:48.858+0000] {dagbag.py:386} ERROR - Failed to import: /opt/airflow/dags/hw6_pt1.py
Traceback (most recent call last):
  File "/home/airflow/.local/lib/python3.12/site-packages/airflow/models/dagbag.py", line 382, in parse
    loader.exec_module(new_module)
  File "<frozen importlib._bootstrap_external>", line 995, in exec_module
  File "<frozen importlib._bootstrap>", line 488, in _call_with_frames_removed
  File "/opt/airflow/dags/hw6_pt1.py", line 78, in <module>
    with DAG (
         ^^^^^
TypeError: DAG.__init__() got an unexpected keyword argument 'start_data'
[2025-10-26T23:14:48.885+0000] {processor.py:927} WARNING - No viable dags retrieved from /opt/airflow/dags/hw6_pt1.py
[2025-10-26T23:14:49.190+0000] {processor.py:208} INFO - Processing /opt/airflow/dags/hw6_pt1.py took 0.533 seconds
[2025-10-26T23:15:13.182+0000] {processor.py:186} INFO - Started process (PID=3385) to work on /opt/airflow/dags/hw6_pt1.py
[2025-10-26T23:15:13.184+0000] {processor.py:914} INFO - Processing file /opt/airflow/dags/hw6_pt1.py for tasks to queue
[2025-10-26T23:15:13.255+0000] {logging_mixin.py:190} INFO - [2025-10-26T23:15:13.254+0000] {dagbag.py:587} INFO - Filling up the DagBag from /opt/airflow/dags/hw6_pt1.py
[2025-10-26T23:15:13.295+0000] {logging_mixin.py:190} INFO - [2025-10-26T23:15:13.267+0000] {dagbag.py:386} ERROR - Failed to import: /opt/airflow/dags/hw6_pt1.py
Traceback (most recent call last):
  File "/home/airflow/.local/lib/python3.12/site-packages/airflow/models/dagbag.py", line 382, in parse
    loader.exec_module(new_module)
  File "<frozen importlib._bootstrap_external>", line 995, in exec_module
  File "<frozen importlib._bootstrap>", line 488, in _call_with_frames_removed
  File "/opt/airflow/dags/hw6_pt1.py", line 78, in <module>
    with DAG (
         ^^^^^
TypeError: DAG.__init__() got an unexpected keyword argument 'start_data'
[2025-10-26T23:15:13.338+0000] {processor.py:927} WARNING - No viable dags retrieved from /opt/airflow/dags/hw6_pt1.py
[2025-10-26T23:15:13.458+0000] {processor.py:208} INFO - Processing /opt/airflow/dags/hw6_pt1.py took 0.310 seconds
[2025-10-26T23:15:44.474+0000] {processor.py:186} INFO - Started process (PID=3417) to work on /opt/airflow/dags/hw6_pt1.py
[2025-10-26T23:15:44.494+0000] {processor.py:914} INFO - Processing file /opt/airflow/dags/hw6_pt1.py for tasks to queue
[2025-10-26T23:15:44.526+0000] {logging_mixin.py:190} INFO - [2025-10-26T23:15:44.521+0000] {dagbag.py:587} INFO - Filling up the DagBag from /opt/airflow/dags/hw6_pt1.py
[2025-10-26T23:15:44.614+0000] {logging_mixin.py:190} INFO - [2025-10-26T23:15:44.590+0000] {dagbag.py:386} ERROR - Failed to import: /opt/airflow/dags/hw6_pt1.py
Traceback (most recent call last):
  File "/home/airflow/.local/lib/python3.12/site-packages/airflow/models/dagbag.py", line 382, in parse
    loader.exec_module(new_module)
  File "<frozen importlib._bootstrap_external>", line 995, in exec_module
  File "<frozen importlib._bootstrap>", line 488, in _call_with_frames_removed
  File "/opt/airflow/dags/hw6_pt1.py", line 78, in <module>
    with DAG (
         ^^^^^
TypeError: DAG.__init__() got an unexpected keyword argument 'start_data'
[2025-10-26T23:15:44.623+0000] {processor.py:927} WARNING - No viable dags retrieved from /opt/airflow/dags/hw6_pt1.py
[2025-10-26T23:15:45.043+0000] {processor.py:208} INFO - Processing /opt/airflow/dags/hw6_pt1.py took 0.747 seconds
[2025-10-26T23:16:18.335+0000] {processor.py:186} INFO - Started process (PID=3438) to work on /opt/airflow/dags/hw6_pt1.py
[2025-10-26T23:16:18.358+0000] {processor.py:914} INFO - Processing file /opt/airflow/dags/hw6_pt1.py for tasks to queue
[2025-10-26T23:16:18.385+0000] {logging_mixin.py:190} INFO - [2025-10-26T23:16:18.383+0000] {dagbag.py:587} INFO - Filling up the DagBag from /opt/airflow/dags/hw6_pt1.py
[2025-10-26T23:16:18.966+0000] {logging_mixin.py:190} INFO - [2025-10-26T23:16:18.949+0000] {dagbag.py:386} ERROR - Failed to import: /opt/airflow/dags/hw6_pt1.py
Traceback (most recent call last):
  File "/home/airflow/.local/lib/python3.12/site-packages/airflow/models/dagbag.py", line 382, in parse
    loader.exec_module(new_module)
  File "<frozen importlib._bootstrap_external>", line 995, in exec_module
  File "<frozen importlib._bootstrap>", line 488, in _call_with_frames_removed
  File "/opt/airflow/dags/hw6_pt1.py", line 78, in <module>
    with DAG (
         ^^^^^
TypeError: DAG.__init__() got an unexpected keyword argument 'start_data'
[2025-10-26T23:16:18.971+0000] {processor.py:927} WARNING - No viable dags retrieved from /opt/airflow/dags/hw6_pt1.py
[2025-10-26T23:16:19.866+0000] {processor.py:208} INFO - Processing /opt/airflow/dags/hw6_pt1.py took 2.206 seconds
[2025-10-26T23:17:20.345+0000] {processor.py:186} INFO - Started process (PID=3453) to work on /opt/airflow/dags/hw6_pt1.py
[2025-10-26T23:17:20.595+0000] {processor.py:914} INFO - Processing file /opt/airflow/dags/hw6_pt1.py for tasks to queue
[2025-10-26T23:17:21.351+0000] {logging_mixin.py:190} INFO - [2025-10-26T23:17:21.340+0000] {dagbag.py:587} INFO - Filling up the DagBag from /opt/airflow/dags/hw6_pt1.py
[2025-10-26T23:17:22.144+0000] {logging_mixin.py:190} INFO - [2025-10-26T23:17:21.869+0000] {dagbag.py:386} ERROR - Failed to import: /opt/airflow/dags/hw6_pt1.py
Traceback (most recent call last):
  File "/home/airflow/.local/lib/python3.12/site-packages/airflow/models/dagbag.py", line 382, in parse
    loader.exec_module(new_module)
  File "<frozen importlib._bootstrap_external>", line 995, in exec_module
  File "<frozen importlib._bootstrap>", line 488, in _call_with_frames_removed
  File "/opt/airflow/dags/hw6_pt1.py", line 78, in <module>
    with DAG (
         ^^^^^
TypeError: DAG.__init__() got an unexpected keyword argument 'start_data'
[2025-10-26T23:17:22.196+0000] {processor.py:927} WARNING - No viable dags retrieved from /opt/airflow/dags/hw6_pt1.py
[2025-10-26T23:17:26.327+0000] {processor.py:208} INFO - Processing /opt/airflow/dags/hw6_pt1.py took 8.172 seconds
[2025-10-26T23:17:57.844+0000] {processor.py:186} INFO - Started process (PID=3477) to work on /opt/airflow/dags/hw6_pt1.py
[2025-10-26T23:17:57.858+0000] {processor.py:914} INFO - Processing file /opt/airflow/dags/hw6_pt1.py for tasks to queue
[2025-10-26T23:17:57.892+0000] {logging_mixin.py:190} INFO - [2025-10-26T23:17:57.889+0000] {dagbag.py:587} INFO - Filling up the DagBag from /opt/airflow/dags/hw6_pt1.py
[2025-10-26T23:17:57.960+0000] {logging_mixin.py:190} INFO - [2025-10-26T23:17:57.939+0000] {dagbag.py:386} ERROR - Failed to import: /opt/airflow/dags/hw6_pt1.py
Traceback (most recent call last):
  File "/home/airflow/.local/lib/python3.12/site-packages/airflow/models/dagbag.py", line 382, in parse
    loader.exec_module(new_module)
  File "<frozen importlib._bootstrap_external>", line 995, in exec_module
  File "<frozen importlib._bootstrap>", line 488, in _call_with_frames_removed
  File "/opt/airflow/dags/hw6_pt1.py", line 78, in <module>
    with DAG (
         ^^^^^
TypeError: DAG.__init__() got an unexpected keyword argument 'start_data'
[2025-10-26T23:17:57.968+0000] {processor.py:927} WARNING - No viable dags retrieved from /opt/airflow/dags/hw6_pt1.py
[2025-10-26T23:17:58.230+0000] {processor.py:208} INFO - Processing /opt/airflow/dags/hw6_pt1.py took 0.466 seconds
[2025-10-26T23:18:28.636+0000] {processor.py:186} INFO - Started process (PID=3499) to work on /opt/airflow/dags/hw6_pt1.py
[2025-10-26T23:18:28.648+0000] {processor.py:914} INFO - Processing file /opt/airflow/dags/hw6_pt1.py for tasks to queue
[2025-10-26T23:18:28.697+0000] {logging_mixin.py:190} INFO - [2025-10-26T23:18:28.692+0000] {dagbag.py:587} INFO - Filling up the DagBag from /opt/airflow/dags/hw6_pt1.py
[2025-10-26T23:18:28.778+0000] {logging_mixin.py:190} INFO - [2025-10-26T23:18:28.750+0000] {dagbag.py:386} ERROR - Failed to import: /opt/airflow/dags/hw6_pt1.py
Traceback (most recent call last):
  File "/home/airflow/.local/lib/python3.12/site-packages/airflow/models/dagbag.py", line 382, in parse
    loader.exec_module(new_module)
  File "<frozen importlib._bootstrap_external>", line 995, in exec_module
  File "<frozen importlib._bootstrap>", line 488, in _call_with_frames_removed
  File "/opt/airflow/dags/hw6_pt1.py", line 78, in <module>
    with DAG (
         ^^^^^
TypeError: DAG.__init__() got an unexpected keyword argument 'start_data'
[2025-10-26T23:18:28.785+0000] {processor.py:927} WARNING - No viable dags retrieved from /opt/airflow/dags/hw6_pt1.py
[2025-10-26T23:18:29.171+0000] {processor.py:208} INFO - Processing /opt/airflow/dags/hw6_pt1.py took 0.610 seconds
[2025-10-26T23:19:07.537+0000] {processor.py:186} INFO - Started process (PID=3520) to work on /opt/airflow/dags/hw6_pt1.py
[2025-10-26T23:19:07.560+0000] {processor.py:914} INFO - Processing file /opt/airflow/dags/hw6_pt1.py for tasks to queue
[2025-10-26T23:19:07.629+0000] {logging_mixin.py:190} INFO - [2025-10-26T23:19:07.622+0000] {dagbag.py:587} INFO - Filling up the DagBag from /opt/airflow/dags/hw6_pt1.py
[2025-10-26T23:19:07.739+0000] {logging_mixin.py:190} INFO - [2025-10-26T23:19:07.705+0000] {dagbag.py:386} ERROR - Failed to import: /opt/airflow/dags/hw6_pt1.py
Traceback (most recent call last):
  File "/home/airflow/.local/lib/python3.12/site-packages/airflow/models/dagbag.py", line 382, in parse
    loader.exec_module(new_module)
  File "<frozen importlib._bootstrap_external>", line 995, in exec_module
  File "<frozen importlib._bootstrap>", line 488, in _call_with_frames_removed
  File "/opt/airflow/dags/hw6_pt1.py", line 78, in <module>
    with DAG (
         ^^^^^
TypeError: DAG.__init__() got an unexpected keyword argument 'start_data'
[2025-10-26T23:19:07.750+0000] {processor.py:927} WARNING - No viable dags retrieved from /opt/airflow/dags/hw6_pt1.py
[2025-10-26T23:19:08.071+0000] {processor.py:208} INFO - Processing /opt/airflow/dags/hw6_pt1.py took 0.765 seconds
[2025-10-26T23:19:40.168+0000] {processor.py:186} INFO - Started process (PID=3548) to work on /opt/airflow/dags/hw6_pt1.py
[2025-10-26T23:19:40.203+0000] {processor.py:914} INFO - Processing file /opt/airflow/dags/hw6_pt1.py for tasks to queue
[2025-10-26T23:19:40.265+0000] {logging_mixin.py:190} INFO - [2025-10-26T23:19:40.259+0000] {dagbag.py:587} INFO - Filling up the DagBag from /opt/airflow/dags/hw6_pt1.py
[2025-10-26T23:19:40.360+0000] {logging_mixin.py:190} INFO - [2025-10-26T23:19:40.329+0000] {dagbag.py:386} ERROR - Failed to import: /opt/airflow/dags/hw6_pt1.py
Traceback (most recent call last):
  File "/home/airflow/.local/lib/python3.12/site-packages/airflow/models/dagbag.py", line 382, in parse
    loader.exec_module(new_module)
  File "<frozen importlib._bootstrap_external>", line 995, in exec_module
  File "<frozen importlib._bootstrap>", line 488, in _call_with_frames_removed
  File "/opt/airflow/dags/hw6_pt1.py", line 78, in <module>
    with DAG (
         ^^^^^
TypeError: DAG.__init__() got an unexpected keyword argument 'start_data'
[2025-10-26T23:19:40.374+0000] {processor.py:927} WARNING - No viable dags retrieved from /opt/airflow/dags/hw6_pt1.py
[2025-10-26T23:19:40.759+0000] {processor.py:208} INFO - Processing /opt/airflow/dags/hw6_pt1.py took 1.063 seconds
[2025-10-26T23:20:11.365+0000] {processor.py:186} INFO - Started process (PID=3566) to work on /opt/airflow/dags/hw6_pt1.py
[2025-10-26T23:20:11.391+0000] {processor.py:914} INFO - Processing file /opt/airflow/dags/hw6_pt1.py for tasks to queue
[2025-10-26T23:20:11.468+0000] {logging_mixin.py:190} INFO - [2025-10-26T23:20:11.459+0000] {dagbag.py:587} INFO - Filling up the DagBag from /opt/airflow/dags/hw6_pt1.py
[2025-10-26T23:20:11.543+0000] {logging_mixin.py:190} INFO - [2025-10-26T23:20:11.524+0000] {dagbag.py:386} ERROR - Failed to import: /opt/airflow/dags/hw6_pt1.py
Traceback (most recent call last):
  File "/home/airflow/.local/lib/python3.12/site-packages/airflow/models/dagbag.py", line 382, in parse
    loader.exec_module(new_module)
  File "<frozen importlib._bootstrap_external>", line 995, in exec_module
  File "<frozen importlib._bootstrap>", line 488, in _call_with_frames_removed
  File "/opt/airflow/dags/hw6_pt1.py", line 78, in <module>
    with DAG (
         ^^^^^
TypeError: DAG.__init__() got an unexpected keyword argument 'start_data'
[2025-10-26T23:20:11.551+0000] {processor.py:927} WARNING - No viable dags retrieved from /opt/airflow/dags/hw6_pt1.py
[2025-10-26T23:20:11.831+0000] {processor.py:208} INFO - Processing /opt/airflow/dags/hw6_pt1.py took 0.604 seconds
[2025-10-26T23:20:42.478+0000] {processor.py:186} INFO - Started process (PID=3589) to work on /opt/airflow/dags/hw6_pt1.py
[2025-10-26T23:20:42.490+0000] {processor.py:914} INFO - Processing file /opt/airflow/dags/hw6_pt1.py for tasks to queue
[2025-10-26T23:20:42.524+0000] {logging_mixin.py:190} INFO - [2025-10-26T23:20:42.521+0000] {dagbag.py:587} INFO - Filling up the DagBag from /opt/airflow/dags/hw6_pt1.py
[2025-10-26T23:20:42.589+0000] {logging_mixin.py:190} INFO - [2025-10-26T23:20:42.572+0000] {dagbag.py:386} ERROR - Failed to import: /opt/airflow/dags/hw6_pt1.py
Traceback (most recent call last):
  File "/home/airflow/.local/lib/python3.12/site-packages/airflow/models/dagbag.py", line 382, in parse
    loader.exec_module(new_module)
  File "<frozen importlib._bootstrap_external>", line 995, in exec_module
  File "<frozen importlib._bootstrap>", line 488, in _call_with_frames_removed
  File "/opt/airflow/dags/hw6_pt1.py", line 78, in <module>
    with DAG (
         ^^^^^
TypeError: DAG.__init__() got an unexpected keyword argument 'start_data'
[2025-10-26T23:20:42.596+0000] {processor.py:927} WARNING - No viable dags retrieved from /opt/airflow/dags/hw6_pt1.py
[2025-10-26T23:20:42.845+0000] {processor.py:208} INFO - Processing /opt/airflow/dags/hw6_pt1.py took 0.450 seconds
[2025-10-26T23:21:13.176+0000] {processor.py:186} INFO - Started process (PID=3618) to work on /opt/airflow/dags/hw6_pt1.py
[2025-10-26T23:21:13.178+0000] {processor.py:914} INFO - Processing file /opt/airflow/dags/hw6_pt1.py for tasks to queue
[2025-10-26T23:21:13.181+0000] {logging_mixin.py:190} INFO - [2025-10-26T23:21:13.180+0000] {dagbag.py:587} INFO - Filling up the DagBag from /opt/airflow/dags/hw6_pt1.py
[2025-10-26T23:21:13.187+0000] {logging_mixin.py:190} INFO - [2025-10-26T23:21:13.186+0000] {dagbag.py:386} ERROR - Failed to import: /opt/airflow/dags/hw6_pt1.py
Traceback (most recent call last):
  File "/home/airflow/.local/lib/python3.12/site-packages/airflow/models/dagbag.py", line 382, in parse
    loader.exec_module(new_module)
  File "<frozen importlib._bootstrap_external>", line 995, in exec_module
  File "<frozen importlib._bootstrap>", line 488, in _call_with_frames_removed
  File "/opt/airflow/dags/hw6_pt1.py", line 78, in <module>
    with DAG (
         ^^^^^
TypeError: DAG.__init__() got an unexpected keyword argument 'start_data'
[2025-10-26T23:21:13.188+0000] {processor.py:927} WARNING - No viable dags retrieved from /opt/airflow/dags/hw6_pt1.py
[2025-10-26T23:21:13.241+0000] {processor.py:208} INFO - Processing /opt/airflow/dags/hw6_pt1.py took 0.072 seconds
[2025-10-26T23:21:44.057+0000] {processor.py:186} INFO - Started process (PID=3638) to work on /opt/airflow/dags/hw6_pt1.py
[2025-10-26T23:21:44.071+0000] {processor.py:914} INFO - Processing file /opt/airflow/dags/hw6_pt1.py for tasks to queue
[2025-10-26T23:21:44.121+0000] {logging_mixin.py:190} INFO - [2025-10-26T23:21:44.115+0000] {dagbag.py:587} INFO - Filling up the DagBag from /opt/airflow/dags/hw6_pt1.py
[2025-10-26T23:21:44.214+0000] {logging_mixin.py:190} INFO - [2025-10-26T23:21:44.192+0000] {dagbag.py:386} ERROR - Failed to import: /opt/airflow/dags/hw6_pt1.py
Traceback (most recent call last):
  File "/home/airflow/.local/lib/python3.12/site-packages/airflow/models/dagbag.py", line 382, in parse
    loader.exec_module(new_module)
  File "<frozen importlib._bootstrap_external>", line 995, in exec_module
  File "<frozen importlib._bootstrap>", line 488, in _call_with_frames_removed
  File "/opt/airflow/dags/hw6_pt1.py", line 78, in <module>
    with DAG (
         ^^^^^
TypeError: DAG.__init__() got an unexpected keyword argument 'start_data'
[2025-10-26T23:21:44.223+0000] {processor.py:927} WARNING - No viable dags retrieved from /opt/airflow/dags/hw6_pt1.py
[2025-10-26T23:21:44.523+0000] {processor.py:208} INFO - Processing /opt/airflow/dags/hw6_pt1.py took 0.575 seconds
[2025-10-26T23:22:18.115+0000] {processor.py:186} INFO - Started process (PID=3662) to work on /opt/airflow/dags/hw6_pt1.py
[2025-10-26T23:22:18.254+0000] {processor.py:914} INFO - Processing file /opt/airflow/dags/hw6_pt1.py for tasks to queue
[2025-10-26T23:22:18.764+0000] {logging_mixin.py:190} INFO - [2025-10-26T23:22:18.662+0000] {dagbag.py:587} INFO - Filling up the DagBag from /opt/airflow/dags/hw6_pt1.py
[2025-10-26T23:22:19.562+0000] {logging_mixin.py:190} INFO - [2025-10-26T23:22:19.316+0000] {dagbag.py:386} ERROR - Failed to import: /opt/airflow/dags/hw6_pt1.py
Traceback (most recent call last):
  File "/home/airflow/.local/lib/python3.12/site-packages/airflow/models/dagbag.py", line 382, in parse
    loader.exec_module(new_module)
  File "<frozen importlib._bootstrap_external>", line 995, in exec_module
  File "<frozen importlib._bootstrap>", line 488, in _call_with_frames_removed
  File "/opt/airflow/dags/hw6_pt1.py", line 78, in <module>
    with DAG (
         ^^^^^
TypeError: DAG.__init__() got an unexpected keyword argument 'start_data'
[2025-10-26T23:22:19.571+0000] {processor.py:927} WARNING - No viable dags retrieved from /opt/airflow/dags/hw6_pt1.py
[2025-10-26T23:22:22.198+0000] {processor.py:208} INFO - Processing /opt/airflow/dags/hw6_pt1.py took 5.547 seconds
[2025-10-26T23:23:06.257+0000] {processor.py:186} INFO - Started process (PID=3681) to work on /opt/airflow/dags/hw6_pt1.py
[2025-10-26T23:23:06.262+0000] {processor.py:914} INFO - Processing file /opt/airflow/dags/hw6_pt1.py for tasks to queue
[2025-10-26T23:23:06.591+0000] {logging_mixin.py:190} INFO - [2025-10-26T23:23:06.522+0000] {dagbag.py:587} INFO - Filling up the DagBag from /opt/airflow/dags/hw6_pt1.py
[2025-10-26T23:23:07.532+0000] {logging_mixin.py:190} INFO - [2025-10-26T23:23:07.522+0000] {dagbag.py:386} ERROR - Failed to import: /opt/airflow/dags/hw6_pt1.py
Traceback (most recent call last):
  File "/home/airflow/.local/lib/python3.12/site-packages/airflow/models/dagbag.py", line 382, in parse
    loader.exec_module(new_module)
  File "<frozen importlib._bootstrap_external>", line 995, in exec_module
  File "<frozen importlib._bootstrap>", line 488, in _call_with_frames_removed
  File "/opt/airflow/dags/hw6_pt1.py", line 78, in <module>
    with DAG (
         ^^^^^
TypeError: DAG.__init__() got an unexpected keyword argument 'start_data'
[2025-10-26T23:23:07.538+0000] {processor.py:927} WARNING - No viable dags retrieved from /opt/airflow/dags/hw6_pt1.py
[2025-10-26T23:23:09.686+0000] {processor.py:208} INFO - Processing /opt/airflow/dags/hw6_pt1.py took 3.879 seconds
[2025-10-26T23:23:40.600+0000] {processor.py:186} INFO - Started process (PID=3701) to work on /opt/airflow/dags/hw6_pt1.py
[2025-10-26T23:23:40.602+0000] {processor.py:914} INFO - Processing file /opt/airflow/dags/hw6_pt1.py for tasks to queue
[2025-10-26T23:23:40.606+0000] {logging_mixin.py:190} INFO - [2025-10-26T23:23:40.606+0000] {dagbag.py:587} INFO - Filling up the DagBag from /opt/airflow/dags/hw6_pt1.py
[2025-10-26T23:23:40.614+0000] {logging_mixin.py:190} INFO - [2025-10-26T23:23:40.611+0000] {dagbag.py:386} ERROR - Failed to import: /opt/airflow/dags/hw6_pt1.py
Traceback (most recent call last):
  File "/home/airflow/.local/lib/python3.12/site-packages/airflow/models/dagbag.py", line 382, in parse
    loader.exec_module(new_module)
  File "<frozen importlib._bootstrap_external>", line 995, in exec_module
  File "<frozen importlib._bootstrap>", line 488, in _call_with_frames_removed
  File "/opt/airflow/dags/hw6_pt1.py", line 78, in <module>
    with DAG (
         ^^^^^
TypeError: DAG.__init__() got an unexpected keyword argument 'start_data'
[2025-10-26T23:23:40.615+0000] {processor.py:927} WARNING - No viable dags retrieved from /opt/airflow/dags/hw6_pt1.py
[2025-10-26T23:23:40.650+0000] {processor.py:208} INFO - Processing /opt/airflow/dags/hw6_pt1.py took 0.057 seconds
[2025-10-26T23:24:11.428+0000] {processor.py:186} INFO - Started process (PID=3722) to work on /opt/airflow/dags/hw6_pt1.py
[2025-10-26T23:24:11.429+0000] {processor.py:914} INFO - Processing file /opt/airflow/dags/hw6_pt1.py for tasks to queue
[2025-10-26T23:24:11.433+0000] {logging_mixin.py:190} INFO - [2025-10-26T23:24:11.433+0000] {dagbag.py:587} INFO - Filling up the DagBag from /opt/airflow/dags/hw6_pt1.py
[2025-10-26T23:24:11.441+0000] {logging_mixin.py:190} INFO - [2025-10-26T23:24:11.439+0000] {dagbag.py:386} ERROR - Failed to import: /opt/airflow/dags/hw6_pt1.py
Traceback (most recent call last):
  File "/home/airflow/.local/lib/python3.12/site-packages/airflow/models/dagbag.py", line 382, in parse
    loader.exec_module(new_module)
  File "<frozen importlib._bootstrap_external>", line 995, in exec_module
  File "<frozen importlib._bootstrap>", line 488, in _call_with_frames_removed
  File "/opt/airflow/dags/hw6_pt1.py", line 78, in <module>
    with DAG (
         ^^^^^
TypeError: DAG.__init__() got an unexpected keyword argument 'start_data'
[2025-10-26T23:24:11.441+0000] {processor.py:927} WARNING - No viable dags retrieved from /opt/airflow/dags/hw6_pt1.py
[2025-10-26T23:24:11.469+0000] {processor.py:208} INFO - Processing /opt/airflow/dags/hw6_pt1.py took 0.069 seconds
[2025-10-26T23:24:41.852+0000] {processor.py:186} INFO - Started process (PID=3743) to work on /opt/airflow/dags/hw6_pt1.py
[2025-10-26T23:24:41.855+0000] {processor.py:914} INFO - Processing file /opt/airflow/dags/hw6_pt1.py for tasks to queue
[2025-10-26T23:24:41.865+0000] {logging_mixin.py:190} INFO - [2025-10-26T23:24:41.864+0000] {dagbag.py:587} INFO - Filling up the DagBag from /opt/airflow/dags/hw6_pt1.py
[2025-10-26T23:24:41.876+0000] {logging_mixin.py:190} INFO - [2025-10-26T23:24:41.874+0000] {dagbag.py:386} ERROR - Failed to import: /opt/airflow/dags/hw6_pt1.py
Traceback (most recent call last):
  File "/home/airflow/.local/lib/python3.12/site-packages/airflow/models/dagbag.py", line 382, in parse
    loader.exec_module(new_module)
  File "<frozen importlib._bootstrap_external>", line 995, in exec_module
  File "<frozen importlib._bootstrap>", line 488, in _call_with_frames_removed
  File "/opt/airflow/dags/hw6_pt1.py", line 78, in <module>
    with DAG (
         ^^^^^
TypeError: DAG.__init__() got an unexpected keyword argument 'start_data'
[2025-10-26T23:24:41.877+0000] {processor.py:927} WARNING - No viable dags retrieved from /opt/airflow/dags/hw6_pt1.py
[2025-10-26T23:24:41.911+0000] {processor.py:208} INFO - Processing /opt/airflow/dags/hw6_pt1.py took 0.080 seconds
[2025-10-26T23:25:11.961+0000] {processor.py:186} INFO - Started process (PID=3764) to work on /opt/airflow/dags/hw6_pt1.py
[2025-10-26T23:25:11.963+0000] {processor.py:914} INFO - Processing file /opt/airflow/dags/hw6_pt1.py for tasks to queue
[2025-10-26T23:25:11.966+0000] {logging_mixin.py:190} INFO - [2025-10-26T23:25:11.966+0000] {dagbag.py:587} INFO - Filling up the DagBag from /opt/airflow/dags/hw6_pt1.py
[2025-10-26T23:25:11.974+0000] {logging_mixin.py:190} INFO - [2025-10-26T23:25:11.972+0000] {dagbag.py:386} ERROR - Failed to import: /opt/airflow/dags/hw6_pt1.py
Traceback (most recent call last):
  File "/home/airflow/.local/lib/python3.12/site-packages/airflow/models/dagbag.py", line 382, in parse
    loader.exec_module(new_module)
  File "<frozen importlib._bootstrap_external>", line 995, in exec_module
  File "<frozen importlib._bootstrap>", line 488, in _call_with_frames_removed
  File "/opt/airflow/dags/hw6_pt1.py", line 78, in <module>
    with DAG (
         ^^^^^
TypeError: DAG.__init__() got an unexpected keyword argument 'start_data'
[2025-10-26T23:25:11.975+0000] {processor.py:927} WARNING - No viable dags retrieved from /opt/airflow/dags/hw6_pt1.py
[2025-10-26T23:25:12.000+0000] {processor.py:208} INFO - Processing /opt/airflow/dags/hw6_pt1.py took 0.047 seconds
[2025-10-26T23:25:42.151+0000] {processor.py:186} INFO - Started process (PID=3785) to work on /opt/airflow/dags/hw6_pt1.py
[2025-10-26T23:25:42.153+0000] {processor.py:914} INFO - Processing file /opt/airflow/dags/hw6_pt1.py for tasks to queue
[2025-10-26T23:25:42.156+0000] {logging_mixin.py:190} INFO - [2025-10-26T23:25:42.156+0000] {dagbag.py:587} INFO - Filling up the DagBag from /opt/airflow/dags/hw6_pt1.py
[2025-10-26T23:25:42.164+0000] {logging_mixin.py:190} INFO - [2025-10-26T23:25:42.162+0000] {dagbag.py:386} ERROR - Failed to import: /opt/airflow/dags/hw6_pt1.py
Traceback (most recent call last):
  File "/home/airflow/.local/lib/python3.12/site-packages/airflow/models/dagbag.py", line 382, in parse
    loader.exec_module(new_module)
  File "<frozen importlib._bootstrap_external>", line 995, in exec_module
  File "<frozen importlib._bootstrap>", line 488, in _call_with_frames_removed
  File "/opt/airflow/dags/hw6_pt1.py", line 78, in <module>
    with DAG (
         ^^^^^
TypeError: DAG.__init__() got an unexpected keyword argument 'start_data'
[2025-10-26T23:25:42.165+0000] {processor.py:927} WARNING - No viable dags retrieved from /opt/airflow/dags/hw6_pt1.py
[2025-10-26T23:25:42.188+0000] {processor.py:208} INFO - Processing /opt/airflow/dags/hw6_pt1.py took 0.044 seconds
[2025-10-26T23:26:12.522+0000] {processor.py:186} INFO - Started process (PID=3806) to work on /opt/airflow/dags/hw6_pt1.py
[2025-10-26T23:26:12.523+0000] {processor.py:914} INFO - Processing file /opt/airflow/dags/hw6_pt1.py for tasks to queue
[2025-10-26T23:26:12.528+0000] {logging_mixin.py:190} INFO - [2025-10-26T23:26:12.527+0000] {dagbag.py:587} INFO - Filling up the DagBag from /opt/airflow/dags/hw6_pt1.py
[2025-10-26T23:26:12.535+0000] {logging_mixin.py:190} INFO - [2025-10-26T23:26:12.534+0000] {dagbag.py:386} ERROR - Failed to import: /opt/airflow/dags/hw6_pt1.py
Traceback (most recent call last):
  File "/home/airflow/.local/lib/python3.12/site-packages/airflow/models/dagbag.py", line 382, in parse
    loader.exec_module(new_module)
  File "<frozen importlib._bootstrap_external>", line 995, in exec_module
  File "<frozen importlib._bootstrap>", line 488, in _call_with_frames_removed
  File "/opt/airflow/dags/hw6_pt1.py", line 78, in <module>
    with DAG (
         ^^^^^
TypeError: DAG.__init__() got an unexpected keyword argument 'start_data'
[2025-10-26T23:26:12.536+0000] {processor.py:927} WARNING - No viable dags retrieved from /opt/airflow/dags/hw6_pt1.py
[2025-10-26T23:26:12.558+0000] {processor.py:208} INFO - Processing /opt/airflow/dags/hw6_pt1.py took 0.045 seconds
[2025-10-26T23:26:42.919+0000] {processor.py:186} INFO - Started process (PID=3827) to work on /opt/airflow/dags/hw6_pt1.py
[2025-10-26T23:26:42.921+0000] {processor.py:914} INFO - Processing file /opt/airflow/dags/hw6_pt1.py for tasks to queue
[2025-10-26T23:26:42.925+0000] {logging_mixin.py:190} INFO - [2025-10-26T23:26:42.924+0000] {dagbag.py:587} INFO - Filling up the DagBag from /opt/airflow/dags/hw6_pt1.py
[2025-10-26T23:26:42.933+0000] {logging_mixin.py:190} INFO - [2025-10-26T23:26:42.932+0000] {dagbag.py:386} ERROR - Failed to import: /opt/airflow/dags/hw6_pt1.py
Traceback (most recent call last):
  File "/home/airflow/.local/lib/python3.12/site-packages/airflow/models/dagbag.py", line 382, in parse
    loader.exec_module(new_module)
  File "<frozen importlib._bootstrap_external>", line 995, in exec_module
  File "<frozen importlib._bootstrap>", line 488, in _call_with_frames_removed
  File "/opt/airflow/dags/hw6_pt1.py", line 78, in <module>
    with DAG (
         ^^^^^
TypeError: DAG.__init__() got an unexpected keyword argument 'start_data'
[2025-10-26T23:26:42.934+0000] {processor.py:927} WARNING - No viable dags retrieved from /opt/airflow/dags/hw6_pt1.py
[2025-10-26T23:26:42.956+0000] {processor.py:208} INFO - Processing /opt/airflow/dags/hw6_pt1.py took 0.045 seconds
[2025-10-26T23:27:13.269+0000] {processor.py:186} INFO - Started process (PID=3848) to work on /opt/airflow/dags/hw6_pt1.py
[2025-10-26T23:27:13.270+0000] {processor.py:914} INFO - Processing file /opt/airflow/dags/hw6_pt1.py for tasks to queue
[2025-10-26T23:27:13.274+0000] {logging_mixin.py:190} INFO - [2025-10-26T23:27:13.274+0000] {dagbag.py:587} INFO - Filling up the DagBag from /opt/airflow/dags/hw6_pt1.py
[2025-10-26T23:27:13.281+0000] {logging_mixin.py:190} INFO - [2025-10-26T23:27:13.279+0000] {dagbag.py:386} ERROR - Failed to import: /opt/airflow/dags/hw6_pt1.py
Traceback (most recent call last):
  File "/home/airflow/.local/lib/python3.12/site-packages/airflow/models/dagbag.py", line 382, in parse
    loader.exec_module(new_module)
  File "<frozen importlib._bootstrap_external>", line 995, in exec_module
  File "<frozen importlib._bootstrap>", line 488, in _call_with_frames_removed
  File "/opt/airflow/dags/hw6_pt1.py", line 78, in <module>
    with DAG (
         ^^^^^
TypeError: DAG.__init__() got an unexpected keyword argument 'start_data'
[2025-10-26T23:27:13.282+0000] {processor.py:927} WARNING - No viable dags retrieved from /opt/airflow/dags/hw6_pt1.py
[2025-10-26T23:27:13.304+0000] {processor.py:208} INFO - Processing /opt/airflow/dags/hw6_pt1.py took 0.043 seconds
[2025-10-26T23:27:43.543+0000] {processor.py:186} INFO - Started process (PID=3869) to work on /opt/airflow/dags/hw6_pt1.py
[2025-10-26T23:27:43.545+0000] {processor.py:914} INFO - Processing file /opt/airflow/dags/hw6_pt1.py for tasks to queue
[2025-10-26T23:27:43.548+0000] {logging_mixin.py:190} INFO - [2025-10-26T23:27:43.548+0000] {dagbag.py:587} INFO - Filling up the DagBag from /opt/airflow/dags/hw6_pt1.py
[2025-10-26T23:27:43.555+0000] {logging_mixin.py:190} INFO - [2025-10-26T23:27:43.553+0000] {dagbag.py:386} ERROR - Failed to import: /opt/airflow/dags/hw6_pt1.py
Traceback (most recent call last):
  File "/home/airflow/.local/lib/python3.12/site-packages/airflow/models/dagbag.py", line 382, in parse
    loader.exec_module(new_module)
  File "<frozen importlib._bootstrap_external>", line 995, in exec_module
  File "<frozen importlib._bootstrap>", line 488, in _call_with_frames_removed
  File "/opt/airflow/dags/hw6_pt1.py", line 78, in <module>
    with DAG (
         ^^^^^
TypeError: DAG.__init__() got an unexpected keyword argument 'start_data'
[2025-10-26T23:27:43.556+0000] {processor.py:927} WARNING - No viable dags retrieved from /opt/airflow/dags/hw6_pt1.py
[2025-10-26T23:27:43.584+0000] {processor.py:208} INFO - Processing /opt/airflow/dags/hw6_pt1.py took 0.049 seconds
[2025-10-26T23:28:13.941+0000] {processor.py:186} INFO - Started process (PID=3890) to work on /opt/airflow/dags/hw6_pt1.py
[2025-10-26T23:28:13.942+0000] {processor.py:914} INFO - Processing file /opt/airflow/dags/hw6_pt1.py for tasks to queue
[2025-10-26T23:28:13.946+0000] {logging_mixin.py:190} INFO - [2025-10-26T23:28:13.946+0000] {dagbag.py:587} INFO - Filling up the DagBag from /opt/airflow/dags/hw6_pt1.py
[2025-10-26T23:28:13.954+0000] {logging_mixin.py:190} INFO - [2025-10-26T23:28:13.952+0000] {dagbag.py:386} ERROR - Failed to import: /opt/airflow/dags/hw6_pt1.py
Traceback (most recent call last):
  File "/home/airflow/.local/lib/python3.12/site-packages/airflow/models/dagbag.py", line 382, in parse
    loader.exec_module(new_module)
  File "<frozen importlib._bootstrap_external>", line 995, in exec_module
  File "<frozen importlib._bootstrap>", line 488, in _call_with_frames_removed
  File "/opt/airflow/dags/hw6_pt1.py", line 78, in <module>
    with DAG (
         ^^^^^
TypeError: DAG.__init__() got an unexpected keyword argument 'start_data'
[2025-10-26T23:28:13.955+0000] {processor.py:927} WARNING - No viable dags retrieved from /opt/airflow/dags/hw6_pt1.py
[2025-10-26T23:28:13.979+0000] {processor.py:208} INFO - Processing /opt/airflow/dags/hw6_pt1.py took 0.047 seconds
[2025-10-26T23:28:44.083+0000] {processor.py:186} INFO - Started process (PID=3906) to work on /opt/airflow/dags/hw6_pt1.py
[2025-10-26T23:28:44.086+0000] {processor.py:914} INFO - Processing file /opt/airflow/dags/hw6_pt1.py for tasks to queue
[2025-10-26T23:28:44.091+0000] {logging_mixin.py:190} INFO - [2025-10-26T23:28:44.091+0000] {dagbag.py:587} INFO - Filling up the DagBag from /opt/airflow/dags/hw6_pt1.py
[2025-10-26T23:28:44.106+0000] {logging_mixin.py:190} INFO - [2025-10-26T23:28:44.103+0000] {dagbag.py:386} ERROR - Failed to import: /opt/airflow/dags/hw6_pt1.py
Traceback (most recent call last):
  File "/home/airflow/.local/lib/python3.12/site-packages/airflow/models/dagbag.py", line 382, in parse
    loader.exec_module(new_module)
  File "<frozen importlib._bootstrap_external>", line 995, in exec_module
  File "<frozen importlib._bootstrap>", line 488, in _call_with_frames_removed
  File "/opt/airflow/dags/hw6_pt1.py", line 78, in <module>
    with DAG (
         ^^^^^
TypeError: DAG.__init__() got an unexpected keyword argument 'start_data'
[2025-10-26T23:28:44.107+0000] {processor.py:927} WARNING - No viable dags retrieved from /opt/airflow/dags/hw6_pt1.py
[2025-10-26T23:28:44.140+0000] {processor.py:208} INFO - Processing /opt/airflow/dags/hw6_pt1.py took 0.069 seconds
[2025-10-26T23:29:14.590+0000] {processor.py:186} INFO - Started process (PID=3927) to work on /opt/airflow/dags/hw6_pt1.py
[2025-10-26T23:29:14.592+0000] {processor.py:914} INFO - Processing file /opt/airflow/dags/hw6_pt1.py for tasks to queue
[2025-10-26T23:29:14.596+0000] {logging_mixin.py:190} INFO - [2025-10-26T23:29:14.595+0000] {dagbag.py:587} INFO - Filling up the DagBag from /opt/airflow/dags/hw6_pt1.py
[2025-10-26T23:29:14.604+0000] {logging_mixin.py:190} INFO - [2025-10-26T23:29:14.602+0000] {dagbag.py:386} ERROR - Failed to import: /opt/airflow/dags/hw6_pt1.py
Traceback (most recent call last):
  File "/home/airflow/.local/lib/python3.12/site-packages/airflow/models/dagbag.py", line 382, in parse
    loader.exec_module(new_module)
  File "<frozen importlib._bootstrap_external>", line 995, in exec_module
  File "<frozen importlib._bootstrap>", line 488, in _call_with_frames_removed
  File "/opt/airflow/dags/hw6_pt1.py", line 78, in <module>
    with DAG (
         ^^^^^
TypeError: DAG.__init__() got an unexpected keyword argument 'start_data'
[2025-10-26T23:29:14.605+0000] {processor.py:927} WARNING - No viable dags retrieved from /opt/airflow/dags/hw6_pt1.py
[2025-10-26T23:29:14.630+0000] {processor.py:208} INFO - Processing /opt/airflow/dags/hw6_pt1.py took 0.048 seconds
[2025-10-26T23:29:45.009+0000] {processor.py:186} INFO - Started process (PID=3948) to work on /opt/airflow/dags/hw6_pt1.py
[2025-10-26T23:29:45.011+0000] {processor.py:914} INFO - Processing file /opt/airflow/dags/hw6_pt1.py for tasks to queue
[2025-10-26T23:29:45.014+0000] {logging_mixin.py:190} INFO - [2025-10-26T23:29:45.014+0000] {dagbag.py:587} INFO - Filling up the DagBag from /opt/airflow/dags/hw6_pt1.py
[2025-10-26T23:29:45.022+0000] {logging_mixin.py:190} INFO - [2025-10-26T23:29:45.020+0000] {dagbag.py:386} ERROR - Failed to import: /opt/airflow/dags/hw6_pt1.py
Traceback (most recent call last):
  File "/home/airflow/.local/lib/python3.12/site-packages/airflow/models/dagbag.py", line 382, in parse
    loader.exec_module(new_module)
  File "<frozen importlib._bootstrap_external>", line 995, in exec_module
  File "<frozen importlib._bootstrap>", line 488, in _call_with_frames_removed
  File "/opt/airflow/dags/hw6_pt1.py", line 78, in <module>
    with DAG (
         ^^^^^
TypeError: DAG.__init__() got an unexpected keyword argument 'start_data'
[2025-10-26T23:29:45.023+0000] {processor.py:927} WARNING - No viable dags retrieved from /opt/airflow/dags/hw6_pt1.py
[2025-10-26T23:29:45.047+0000] {processor.py:208} INFO - Processing /opt/airflow/dags/hw6_pt1.py took 0.044 seconds
[2025-10-26T23:30:15.389+0000] {processor.py:186} INFO - Started process (PID=3969) to work on /opt/airflow/dags/hw6_pt1.py
[2025-10-26T23:30:15.390+0000] {processor.py:914} INFO - Processing file /opt/airflow/dags/hw6_pt1.py for tasks to queue
[2025-10-26T23:30:15.394+0000] {logging_mixin.py:190} INFO - [2025-10-26T23:30:15.393+0000] {dagbag.py:587} INFO - Filling up the DagBag from /opt/airflow/dags/hw6_pt1.py
[2025-10-26T23:30:15.401+0000] {logging_mixin.py:190} INFO - [2025-10-26T23:30:15.399+0000] {dagbag.py:386} ERROR - Failed to import: /opt/airflow/dags/hw6_pt1.py
Traceback (most recent call last):
  File "/home/airflow/.local/lib/python3.12/site-packages/airflow/models/dagbag.py", line 382, in parse
    loader.exec_module(new_module)
  File "<frozen importlib._bootstrap_external>", line 995, in exec_module
  File "<frozen importlib._bootstrap>", line 488, in _call_with_frames_removed
  File "/opt/airflow/dags/hw6_pt1.py", line 78, in <module>
    with DAG (
         ^^^^^
TypeError: DAG.__init__() got an unexpected keyword argument 'start_data'
[2025-10-26T23:30:15.401+0000] {processor.py:927} WARNING - No viable dags retrieved from /opt/airflow/dags/hw6_pt1.py
[2025-10-26T23:30:15.425+0000] {processor.py:208} INFO - Processing /opt/airflow/dags/hw6_pt1.py took 0.044 seconds
[2025-10-26T23:30:45.772+0000] {processor.py:186} INFO - Started process (PID=3990) to work on /opt/airflow/dags/hw6_pt1.py
[2025-10-26T23:30:45.774+0000] {processor.py:914} INFO - Processing file /opt/airflow/dags/hw6_pt1.py for tasks to queue
[2025-10-26T23:30:45.778+0000] {logging_mixin.py:190} INFO - [2025-10-26T23:30:45.777+0000] {dagbag.py:587} INFO - Filling up the DagBag from /opt/airflow/dags/hw6_pt1.py
[2025-10-26T23:30:45.784+0000] {logging_mixin.py:190} INFO - [2025-10-26T23:30:45.783+0000] {dagbag.py:386} ERROR - Failed to import: /opt/airflow/dags/hw6_pt1.py
Traceback (most recent call last):
  File "/home/airflow/.local/lib/python3.12/site-packages/airflow/models/dagbag.py", line 382, in parse
    loader.exec_module(new_module)
  File "<frozen importlib._bootstrap_external>", line 995, in exec_module
  File "<frozen importlib._bootstrap>", line 488, in _call_with_frames_removed
  File "/opt/airflow/dags/hw6_pt1.py", line 78, in <module>
    with DAG (
         ^^^^^
TypeError: DAG.__init__() got an unexpected keyword argument 'start_data'
[2025-10-26T23:30:45.785+0000] {processor.py:927} WARNING - No viable dags retrieved from /opt/airflow/dags/hw6_pt1.py
[2025-10-26T23:30:45.808+0000] {processor.py:208} INFO - Processing /opt/airflow/dags/hw6_pt1.py took 0.045 seconds
[2025-10-26T23:31:16.150+0000] {processor.py:186} INFO - Started process (PID=4006) to work on /opt/airflow/dags/hw6_pt1.py
[2025-10-26T23:31:16.155+0000] {processor.py:914} INFO - Processing file /opt/airflow/dags/hw6_pt1.py for tasks to queue
[2025-10-26T23:31:16.165+0000] {logging_mixin.py:190} INFO - [2025-10-26T23:31:16.164+0000] {dagbag.py:587} INFO - Filling up the DagBag from /opt/airflow/dags/hw6_pt1.py
[2025-10-26T23:31:16.182+0000] {logging_mixin.py:190} INFO - [2025-10-26T23:31:16.178+0000] {dagbag.py:386} ERROR - Failed to import: /opt/airflow/dags/hw6_pt1.py
Traceback (most recent call last):
  File "/home/airflow/.local/lib/python3.12/site-packages/airflow/models/dagbag.py", line 382, in parse
    loader.exec_module(new_module)
  File "<frozen importlib._bootstrap_external>", line 995, in exec_module
  File "<frozen importlib._bootstrap>", line 488, in _call_with_frames_removed
  File "/opt/airflow/dags/hw6_pt1.py", line 78, in <module>
    with DAG (
         ^^^^^
TypeError: DAG.__init__() got an unexpected keyword argument 'start_data'
[2025-10-26T23:31:16.184+0000] {processor.py:927} WARNING - No viable dags retrieved from /opt/airflow/dags/hw6_pt1.py
[2025-10-26T23:31:16.233+0000] {processor.py:208} INFO - Processing /opt/airflow/dags/hw6_pt1.py took 0.099 seconds
[2025-10-26T23:31:46.553+0000] {processor.py:186} INFO - Started process (PID=4027) to work on /opt/airflow/dags/hw6_pt1.py
[2025-10-26T23:31:46.555+0000] {processor.py:914} INFO - Processing file /opt/airflow/dags/hw6_pt1.py for tasks to queue
[2025-10-26T23:31:46.558+0000] {logging_mixin.py:190} INFO - [2025-10-26T23:31:46.558+0000] {dagbag.py:587} INFO - Filling up the DagBag from /opt/airflow/dags/hw6_pt1.py
[2025-10-26T23:31:46.567+0000] {logging_mixin.py:190} INFO - [2025-10-26T23:31:46.565+0000] {dagbag.py:386} ERROR - Failed to import: /opt/airflow/dags/hw6_pt1.py
Traceback (most recent call last):
  File "/home/airflow/.local/lib/python3.12/site-packages/airflow/models/dagbag.py", line 382, in parse
    loader.exec_module(new_module)
  File "<frozen importlib._bootstrap_external>", line 995, in exec_module
  File "<frozen importlib._bootstrap>", line 488, in _call_with_frames_removed
  File "/opt/airflow/dags/hw6_pt1.py", line 78, in <module>
    with DAG (
         ^^^^^
TypeError: DAG.__init__() got an unexpected keyword argument 'start_data'
[2025-10-26T23:31:46.568+0000] {processor.py:927} WARNING - No viable dags retrieved from /opt/airflow/dags/hw6_pt1.py
[2025-10-26T23:31:46.594+0000] {processor.py:208} INFO - Processing /opt/airflow/dags/hw6_pt1.py took 0.052 seconds
[2025-10-26T23:32:16.790+0000] {processor.py:186} INFO - Started process (PID=4048) to work on /opt/airflow/dags/hw6_pt1.py
[2025-10-26T23:32:16.794+0000] {processor.py:914} INFO - Processing file /opt/airflow/dags/hw6_pt1.py for tasks to queue
[2025-10-26T23:32:16.804+0000] {logging_mixin.py:190} INFO - [2025-10-26T23:32:16.803+0000] {dagbag.py:587} INFO - Filling up the DagBag from /opt/airflow/dags/hw6_pt1.py
[2025-10-26T23:32:16.848+0000] {logging_mixin.py:190} INFO - [2025-10-26T23:32:16.840+0000] {dagbag.py:386} ERROR - Failed to import: /opt/airflow/dags/hw6_pt1.py
Traceback (most recent call last):
  File "/home/airflow/.local/lib/python3.12/site-packages/airflow/models/dagbag.py", line 382, in parse
    loader.exec_module(new_module)
  File "<frozen importlib._bootstrap_external>", line 995, in exec_module
  File "<frozen importlib._bootstrap>", line 488, in _call_with_frames_removed
  File "/opt/airflow/dags/hw6_pt1.py", line 78, in <module>
    with DAG (
         ^^^^^
TypeError: DAG.__init__() got an unexpected keyword argument 'start_data'
[2025-10-26T23:32:16.851+0000] {processor.py:927} WARNING - No viable dags retrieved from /opt/airflow/dags/hw6_pt1.py
[2025-10-26T23:32:16.917+0000] {processor.py:208} INFO - Processing /opt/airflow/dags/hw6_pt1.py took 0.139 seconds
[2025-10-26T23:32:47.414+0000] {processor.py:186} INFO - Started process (PID=4069) to work on /opt/airflow/dags/hw6_pt1.py
[2025-10-26T23:32:47.420+0000] {processor.py:914} INFO - Processing file /opt/airflow/dags/hw6_pt1.py for tasks to queue
[2025-10-26T23:32:47.425+0000] {logging_mixin.py:190} INFO - [2025-10-26T23:32:47.425+0000] {dagbag.py:587} INFO - Filling up the DagBag from /opt/airflow/dags/hw6_pt1.py
[2025-10-26T23:32:47.433+0000] {logging_mixin.py:190} INFO - [2025-10-26T23:32:47.431+0000] {dagbag.py:386} ERROR - Failed to import: /opt/airflow/dags/hw6_pt1.py
Traceback (most recent call last):
  File "/home/airflow/.local/lib/python3.12/site-packages/airflow/models/dagbag.py", line 382, in parse
    loader.exec_module(new_module)
  File "<frozen importlib._bootstrap_external>", line 995, in exec_module
  File "<frozen importlib._bootstrap>", line 488, in _call_with_frames_removed
  File "/opt/airflow/dags/hw6_pt1.py", line 78, in <module>
    with DAG (
         ^^^^^
TypeError: DAG.__init__() got an unexpected keyword argument 'start_data'
[2025-10-26T23:32:47.434+0000] {processor.py:927} WARNING - No viable dags retrieved from /opt/airflow/dags/hw6_pt1.py
[2025-10-26T23:32:47.459+0000] {processor.py:208} INFO - Processing /opt/airflow/dags/hw6_pt1.py took 0.056 seconds
[2025-10-26T23:33:17.770+0000] {processor.py:186} INFO - Started process (PID=4090) to work on /opt/airflow/dags/hw6_pt1.py
[2025-10-26T23:33:17.775+0000] {processor.py:914} INFO - Processing file /opt/airflow/dags/hw6_pt1.py for tasks to queue
[2025-10-26T23:33:17.779+0000] {logging_mixin.py:190} INFO - [2025-10-26T23:33:17.779+0000] {dagbag.py:587} INFO - Filling up the DagBag from /opt/airflow/dags/hw6_pt1.py
[2025-10-26T23:33:17.786+0000] {logging_mixin.py:190} INFO - [2025-10-26T23:33:17.785+0000] {dagbag.py:386} ERROR - Failed to import: /opt/airflow/dags/hw6_pt1.py
Traceback (most recent call last):
  File "/home/airflow/.local/lib/python3.12/site-packages/airflow/models/dagbag.py", line 382, in parse
    loader.exec_module(new_module)
  File "<frozen importlib._bootstrap_external>", line 995, in exec_module
  File "<frozen importlib._bootstrap>", line 488, in _call_with_frames_removed
  File "/opt/airflow/dags/hw6_pt1.py", line 78, in <module>
    with DAG (
         ^^^^^
TypeError: DAG.__init__() got an unexpected keyword argument 'start_data'
[2025-10-26T23:33:17.787+0000] {processor.py:927} WARNING - No viable dags retrieved from /opt/airflow/dags/hw6_pt1.py
[2025-10-26T23:33:17.813+0000] {processor.py:208} INFO - Processing /opt/airflow/dags/hw6_pt1.py took 0.052 seconds
[2025-10-26T23:33:48.345+0000] {processor.py:186} INFO - Started process (PID=4111) to work on /opt/airflow/dags/hw6_pt1.py
[2025-10-26T23:33:48.347+0000] {processor.py:914} INFO - Processing file /opt/airflow/dags/hw6_pt1.py for tasks to queue
[2025-10-26T23:33:48.350+0000] {logging_mixin.py:190} INFO - [2025-10-26T23:33:48.350+0000] {dagbag.py:587} INFO - Filling up the DagBag from /opt/airflow/dags/hw6_pt1.py
[2025-10-26T23:33:48.357+0000] {logging_mixin.py:190} INFO - [2025-10-26T23:33:48.355+0000] {dagbag.py:386} ERROR - Failed to import: /opt/airflow/dags/hw6_pt1.py
Traceback (most recent call last):
  File "/home/airflow/.local/lib/python3.12/site-packages/airflow/models/dagbag.py", line 382, in parse
    loader.exec_module(new_module)
  File "<frozen importlib._bootstrap_external>", line 995, in exec_module
  File "<frozen importlib._bootstrap>", line 488, in _call_with_frames_removed
  File "/opt/airflow/dags/hw6_pt1.py", line 78, in <module>
    with DAG (
         ^^^^^
TypeError: DAG.__init__() got an unexpected keyword argument 'start_data'
[2025-10-26T23:33:48.358+0000] {processor.py:927} WARNING - No viable dags retrieved from /opt/airflow/dags/hw6_pt1.py
[2025-10-26T23:33:48.379+0000] {processor.py:208} INFO - Processing /opt/airflow/dags/hw6_pt1.py took 0.041 seconds
[2025-10-26T23:34:18.622+0000] {processor.py:186} INFO - Started process (PID=4132) to work on /opt/airflow/dags/hw6_pt1.py
[2025-10-26T23:34:18.624+0000] {processor.py:914} INFO - Processing file /opt/airflow/dags/hw6_pt1.py for tasks to queue
[2025-10-26T23:34:18.628+0000] {logging_mixin.py:190} INFO - [2025-10-26T23:34:18.627+0000] {dagbag.py:587} INFO - Filling up the DagBag from /opt/airflow/dags/hw6_pt1.py
[2025-10-26T23:34:18.634+0000] {logging_mixin.py:190} INFO - [2025-10-26T23:34:18.632+0000] {dagbag.py:386} ERROR - Failed to import: /opt/airflow/dags/hw6_pt1.py
Traceback (most recent call last):
  File "/home/airflow/.local/lib/python3.12/site-packages/airflow/models/dagbag.py", line 382, in parse
    loader.exec_module(new_module)
  File "<frozen importlib._bootstrap_external>", line 995, in exec_module
  File "<frozen importlib._bootstrap>", line 488, in _call_with_frames_removed
  File "/opt/airflow/dags/hw6_pt1.py", line 78, in <module>
    with DAG (
         ^^^^^
TypeError: DAG.__init__() got an unexpected keyword argument 'start_data'
[2025-10-26T23:34:18.635+0000] {processor.py:927} WARNING - No viable dags retrieved from /opt/airflow/dags/hw6_pt1.py
[2025-10-26T23:34:18.659+0000] {processor.py:208} INFO - Processing /opt/airflow/dags/hw6_pt1.py took 0.044 seconds
[2025-10-26T23:34:48.841+0000] {processor.py:186} INFO - Started process (PID=4153) to work on /opt/airflow/dags/hw6_pt1.py
[2025-10-26T23:34:48.843+0000] {processor.py:914} INFO - Processing file /opt/airflow/dags/hw6_pt1.py for tasks to queue
[2025-10-26T23:34:48.848+0000] {logging_mixin.py:190} INFO - [2025-10-26T23:34:48.848+0000] {dagbag.py:587} INFO - Filling up the DagBag from /opt/airflow/dags/hw6_pt1.py
[2025-10-26T23:34:48.856+0000] {logging_mixin.py:190} INFO - [2025-10-26T23:34:48.854+0000] {dagbag.py:386} ERROR - Failed to import: /opt/airflow/dags/hw6_pt1.py
Traceback (most recent call last):
  File "/home/airflow/.local/lib/python3.12/site-packages/airflow/models/dagbag.py", line 382, in parse
    loader.exec_module(new_module)
  File "<frozen importlib._bootstrap_external>", line 995, in exec_module
  File "<frozen importlib._bootstrap>", line 488, in _call_with_frames_removed
  File "/opt/airflow/dags/hw6_pt1.py", line 78, in <module>
    with DAG (
         ^^^^^
TypeError: DAG.__init__() got an unexpected keyword argument 'start_data'
[2025-10-26T23:34:48.857+0000] {processor.py:927} WARNING - No viable dags retrieved from /opt/airflow/dags/hw6_pt1.py
[2025-10-26T23:34:48.880+0000] {processor.py:208} INFO - Processing /opt/airflow/dags/hw6_pt1.py took 0.049 seconds
[2025-10-26T23:35:03.718+0000] {processor.py:186} INFO - Started process (PID=4174) to work on /opt/airflow/dags/hw6_pt1.py
[2025-10-26T23:35:03.720+0000] {processor.py:914} INFO - Processing file /opt/airflow/dags/hw6_pt1.py for tasks to queue
[2025-10-26T23:35:03.723+0000] {logging_mixin.py:190} INFO - [2025-10-26T23:35:03.722+0000] {dagbag.py:587} INFO - Filling up the DagBag from /opt/airflow/dags/hw6_pt1.py
[2025-10-26T23:35:03.766+0000] {logging_mixin.py:190} INFO - [2025-10-26T23:35:03.734+0000] {dagbag.py:386} ERROR - Failed to import: /opt/airflow/dags/hw6_pt1.py
Traceback (most recent call last):
  File "/home/airflow/.local/lib/python3.12/site-packages/airflow/models/dagbag.py", line 382, in parse
    loader.exec_module(new_module)
  File "<frozen importlib._bootstrap_external>", line 995, in exec_module
  File "<frozen importlib._bootstrap>", line 488, in _call_with_frames_removed
  File "/opt/airflow/dags/hw6_pt1.py", line 77, in <module>
    with DAG(
         ^^^^
  File "/home/airflow/.local/lib/python3.12/site-packages/airflow/models/dag.py", line 593, in __init__
    validate_key(dag_id)
  File "/home/airflow/.local/lib/python3.12/site-packages/airflow/utils/helpers.py", line 57, in validate_key
    raise AirflowException(
airflow.exceptions.AirflowException: The key 'COPY INTO DATABASE FROM AWS' has to be made of alphanumeric characters, dashes, dots and underscores exclusively
[2025-10-26T23:35:03.767+0000] {processor.py:927} WARNING - No viable dags retrieved from /opt/airflow/dags/hw6_pt1.py
[2025-10-26T23:35:03.793+0000] {processor.py:208} INFO - Processing /opt/airflow/dags/hw6_pt1.py took 0.082 seconds
[2025-10-26T23:35:33.872+0000] {processor.py:186} INFO - Started process (PID=4195) to work on /opt/airflow/dags/hw6_pt1.py
[2025-10-26T23:35:33.874+0000] {processor.py:914} INFO - Processing file /opt/airflow/dags/hw6_pt1.py for tasks to queue
[2025-10-26T23:35:33.879+0000] {logging_mixin.py:190} INFO - [2025-10-26T23:35:33.878+0000] {dagbag.py:587} INFO - Filling up the DagBag from /opt/airflow/dags/hw6_pt1.py
[2025-10-26T23:35:33.888+0000] {logging_mixin.py:190} INFO - [2025-10-26T23:35:33.885+0000] {dagbag.py:386} ERROR - Failed to import: /opt/airflow/dags/hw6_pt1.py
Traceback (most recent call last):
  File "/home/airflow/.local/lib/python3.12/site-packages/airflow/models/dagbag.py", line 382, in parse
    loader.exec_module(new_module)
  File "<frozen importlib._bootstrap_external>", line 995, in exec_module
  File "<frozen importlib._bootstrap>", line 488, in _call_with_frames_removed
  File "/opt/airflow/dags/hw6_pt1.py", line 77, in <module>
    with DAG(
         ^^^^
  File "/home/airflow/.local/lib/python3.12/site-packages/airflow/models/dag.py", line 593, in __init__
    validate_key(dag_id)
  File "/home/airflow/.local/lib/python3.12/site-packages/airflow/utils/helpers.py", line 57, in validate_key
    raise AirflowException(
airflow.exceptions.AirflowException: The key 'COPY INTO DATABASE FROM AWS' has to be made of alphanumeric characters, dashes, dots and underscores exclusively
[2025-10-26T23:35:33.890+0000] {processor.py:927} WARNING - No viable dags retrieved from /opt/airflow/dags/hw6_pt1.py
[2025-10-26T23:35:33.916+0000] {processor.py:208} INFO - Processing /opt/airflow/dags/hw6_pt1.py took 0.052 seconds
[2025-10-26T23:36:04.130+0000] {processor.py:186} INFO - Started process (PID=4216) to work on /opt/airflow/dags/hw6_pt1.py
[2025-10-26T23:36:04.132+0000] {processor.py:914} INFO - Processing file /opt/airflow/dags/hw6_pt1.py for tasks to queue
[2025-10-26T23:36:04.136+0000] {logging_mixin.py:190} INFO - [2025-10-26T23:36:04.135+0000] {dagbag.py:587} INFO - Filling up the DagBag from /opt/airflow/dags/hw6_pt1.py
[2025-10-26T23:36:04.145+0000] {logging_mixin.py:190} INFO - [2025-10-26T23:36:04.142+0000] {dagbag.py:386} ERROR - Failed to import: /opt/airflow/dags/hw6_pt1.py
Traceback (most recent call last):
  File "/home/airflow/.local/lib/python3.12/site-packages/airflow/models/dagbag.py", line 382, in parse
    loader.exec_module(new_module)
  File "<frozen importlib._bootstrap_external>", line 995, in exec_module
  File "<frozen importlib._bootstrap>", line 488, in _call_with_frames_removed
  File "/opt/airflow/dags/hw6_pt1.py", line 77, in <module>
    with DAG(
         ^^^^
  File "/home/airflow/.local/lib/python3.12/site-packages/airflow/models/dag.py", line 593, in __init__
    validate_key(dag_id)
  File "/home/airflow/.local/lib/python3.12/site-packages/airflow/utils/helpers.py", line 57, in validate_key
    raise AirflowException(
airflow.exceptions.AirflowException: The key 'COPY INTO DATABASE FROM AWS' has to be made of alphanumeric characters, dashes, dots and underscores exclusively
[2025-10-26T23:36:04.146+0000] {processor.py:927} WARNING - No viable dags retrieved from /opt/airflow/dags/hw6_pt1.py
[2025-10-26T23:36:04.173+0000] {processor.py:208} INFO - Processing /opt/airflow/dags/hw6_pt1.py took 0.051 seconds
[2025-10-26T23:36:34.301+0000] {processor.py:186} INFO - Started process (PID=4237) to work on /opt/airflow/dags/hw6_pt1.py
[2025-10-26T23:36:34.305+0000] {processor.py:914} INFO - Processing file /opt/airflow/dags/hw6_pt1.py for tasks to queue
[2025-10-26T23:36:34.309+0000] {logging_mixin.py:190} INFO - [2025-10-26T23:36:34.308+0000] {dagbag.py:587} INFO - Filling up the DagBag from /opt/airflow/dags/hw6_pt1.py
[2025-10-26T23:36:34.319+0000] {logging_mixin.py:190} INFO - [2025-10-26T23:36:34.315+0000] {dagbag.py:386} ERROR - Failed to import: /opt/airflow/dags/hw6_pt1.py
Traceback (most recent call last):
  File "/home/airflow/.local/lib/python3.12/site-packages/airflow/models/dagbag.py", line 382, in parse
    loader.exec_module(new_module)
  File "<frozen importlib._bootstrap_external>", line 995, in exec_module
  File "<frozen importlib._bootstrap>", line 488, in _call_with_frames_removed
  File "/opt/airflow/dags/hw6_pt1.py", line 77, in <module>
    with DAG(
         ^^^^
  File "/home/airflow/.local/lib/python3.12/site-packages/airflow/models/dag.py", line 593, in __init__
    validate_key(dag_id)
  File "/home/airflow/.local/lib/python3.12/site-packages/airflow/utils/helpers.py", line 57, in validate_key
    raise AirflowException(
airflow.exceptions.AirflowException: The key 'COPY INTO DATABASE FROM AWS' has to be made of alphanumeric characters, dashes, dots and underscores exclusively
[2025-10-26T23:36:34.320+0000] {processor.py:927} WARNING - No viable dags retrieved from /opt/airflow/dags/hw6_pt1.py
[2025-10-26T23:36:34.350+0000] {processor.py:208} INFO - Processing /opt/airflow/dags/hw6_pt1.py took 0.057 seconds
[2025-10-26T23:36:51.479+0000] {processor.py:186} INFO - Started process (PID=4242) to work on /opt/airflow/dags/hw6_pt1.py
[2025-10-26T23:36:51.481+0000] {processor.py:914} INFO - Processing file /opt/airflow/dags/hw6_pt1.py for tasks to queue
[2025-10-26T23:36:51.484+0000] {logging_mixin.py:190} INFO - [2025-10-26T23:36:51.484+0000] {dagbag.py:587} INFO - Filling up the DagBag from /opt/airflow/dags/hw6_pt1.py
[2025-10-26T23:36:51.509+0000] {logging_mixin.py:190} INFO - [2025-10-26T23:36:51.497+0000] {dagbag.py:483} ERROR - Failed to bag_dag: /opt/airflow/dags/hw6_pt1.py
Traceback (most recent call last):
  File "/home/airflow/.local/lib/python3.12/site-packages/airflow/timetables/_cron.py", line 102, in validate
    croniter(self._expression)
  File "/home/airflow/.local/lib/python3.12/site-packages/croniter/croniter.py", line 217, in __init__
    self.expanded, self.nth_weekday_of_month = self.expand(
                                               ^^^^^^^^^^^^
  File "/home/airflow/.local/lib/python3.12/site-packages/croniter/croniter.py", line 943, in expand
    return cls._expand(expr_format, hash_id=hash_id,
           ^^^^^^^^^^^^^^^^^^^^^^^^^^^^^^^^^^^^^^^^^
  File "/home/airflow/.local/lib/python3.12/site-packages/croniter/croniter.py", line 760, in _expand
    raise CroniterBadCronError(cls.bad_length)
croniter.croniter.CroniterBadCronError: Exactly 5, 6 or 7 columns has to be specified for iterator expression.

During handling of the above exception, another exception occurred:

Traceback (most recent call last):
  File "/home/airflow/.local/lib/python3.12/site-packages/airflow/models/dagbag.py", line 478, in _process_modules
    dag.validate()
  File "/home/airflow/.local/lib/python3.12/site-packages/airflow/models/dag.py", line 845, in validate
    self.timetable.validate()
  File "/home/airflow/.local/lib/python3.12/site-packages/airflow/timetables/_cron.py", line 104, in validate
    raise AirflowTimetableInvalid(str(e))
airflow.exceptions.AirflowTimetableInvalid: Exactly 5, 6 or 7 columns has to be specified for iterator expression.
[2025-10-26T23:36:51.510+0000] {processor.py:927} WARNING - No viable dags retrieved from /opt/airflow/dags/hw6_pt1.py
[2025-10-26T23:36:51.531+0000] {processor.py:208} INFO - Processing /opt/airflow/dags/hw6_pt1.py took 0.059 seconds
[2025-10-26T23:37:21.919+0000] {processor.py:186} INFO - Started process (PID=4263) to work on /opt/airflow/dags/hw6_pt1.py
[2025-10-26T23:37:21.921+0000] {processor.py:914} INFO - Processing file /opt/airflow/dags/hw6_pt1.py for tasks to queue
[2025-10-26T23:37:21.924+0000] {logging_mixin.py:190} INFO - [2025-10-26T23:37:21.924+0000] {dagbag.py:587} INFO - Filling up the DagBag from /opt/airflow/dags/hw6_pt1.py
[2025-10-26T23:37:21.938+0000] {logging_mixin.py:190} INFO - [2025-10-26T23:37:21.935+0000] {dagbag.py:483} ERROR - Failed to bag_dag: /opt/airflow/dags/hw6_pt1.py
Traceback (most recent call last):
  File "/home/airflow/.local/lib/python3.12/site-packages/airflow/timetables/_cron.py", line 102, in validate
    croniter(self._expression)
  File "/home/airflow/.local/lib/python3.12/site-packages/croniter/croniter.py", line 217, in __init__
    self.expanded, self.nth_weekday_of_month = self.expand(
                                               ^^^^^^^^^^^^
  File "/home/airflow/.local/lib/python3.12/site-packages/croniter/croniter.py", line 943, in expand
    return cls._expand(expr_format, hash_id=hash_id,
           ^^^^^^^^^^^^^^^^^^^^^^^^^^^^^^^^^^^^^^^^^
  File "/home/airflow/.local/lib/python3.12/site-packages/croniter/croniter.py", line 760, in _expand
    raise CroniterBadCronError(cls.bad_length)
croniter.croniter.CroniterBadCronError: Exactly 5, 6 or 7 columns has to be specified for iterator expression.

During handling of the above exception, another exception occurred:

Traceback (most recent call last):
  File "/home/airflow/.local/lib/python3.12/site-packages/airflow/models/dagbag.py", line 478, in _process_modules
    dag.validate()
  File "/home/airflow/.local/lib/python3.12/site-packages/airflow/models/dag.py", line 845, in validate
    self.timetable.validate()
  File "/home/airflow/.local/lib/python3.12/site-packages/airflow/timetables/_cron.py", line 104, in validate
    raise AirflowTimetableInvalid(str(e))
airflow.exceptions.AirflowTimetableInvalid: Exactly 5, 6 or 7 columns has to be specified for iterator expression.
[2025-10-26T23:37:21.938+0000] {processor.py:927} WARNING - No viable dags retrieved from /opt/airflow/dags/hw6_pt1.py
[2025-10-26T23:37:21.962+0000] {processor.py:208} INFO - Processing /opt/airflow/dags/hw6_pt1.py took 0.051 seconds
[2025-10-26T23:37:52.345+0000] {processor.py:186} INFO - Started process (PID=4284) to work on /opt/airflow/dags/hw6_pt1.py
[2025-10-26T23:37:52.347+0000] {processor.py:914} INFO - Processing file /opt/airflow/dags/hw6_pt1.py for tasks to queue
[2025-10-26T23:37:52.352+0000] {logging_mixin.py:190} INFO - [2025-10-26T23:37:52.351+0000] {dagbag.py:587} INFO - Filling up the DagBag from /opt/airflow/dags/hw6_pt1.py
[2025-10-26T23:37:52.367+0000] {logging_mixin.py:190} INFO - [2025-10-26T23:37:52.363+0000] {dagbag.py:483} ERROR - Failed to bag_dag: /opt/airflow/dags/hw6_pt1.py
Traceback (most recent call last):
  File "/home/airflow/.local/lib/python3.12/site-packages/airflow/timetables/_cron.py", line 102, in validate
    croniter(self._expression)
  File "/home/airflow/.local/lib/python3.12/site-packages/croniter/croniter.py", line 217, in __init__
    self.expanded, self.nth_weekday_of_month = self.expand(
                                               ^^^^^^^^^^^^
  File "/home/airflow/.local/lib/python3.12/site-packages/croniter/croniter.py", line 943, in expand
    return cls._expand(expr_format, hash_id=hash_id,
           ^^^^^^^^^^^^^^^^^^^^^^^^^^^^^^^^^^^^^^^^^
  File "/home/airflow/.local/lib/python3.12/site-packages/croniter/croniter.py", line 760, in _expand
    raise CroniterBadCronError(cls.bad_length)
croniter.croniter.CroniterBadCronError: Exactly 5, 6 or 7 columns has to be specified for iterator expression.

During handling of the above exception, another exception occurred:

Traceback (most recent call last):
  File "/home/airflow/.local/lib/python3.12/site-packages/airflow/models/dagbag.py", line 478, in _process_modules
    dag.validate()
  File "/home/airflow/.local/lib/python3.12/site-packages/airflow/models/dag.py", line 845, in validate
    self.timetable.validate()
  File "/home/airflow/.local/lib/python3.12/site-packages/airflow/timetables/_cron.py", line 104, in validate
    raise AirflowTimetableInvalid(str(e))
airflow.exceptions.AirflowTimetableInvalid: Exactly 5, 6 or 7 columns has to be specified for iterator expression.
[2025-10-26T23:37:52.367+0000] {processor.py:927} WARNING - No viable dags retrieved from /opt/airflow/dags/hw6_pt1.py
[2025-10-26T23:37:52.392+0000] {processor.py:208} INFO - Processing /opt/airflow/dags/hw6_pt1.py took 0.057 seconds
[2025-10-26T23:38:22.726+0000] {processor.py:186} INFO - Started process (PID=4305) to work on /opt/airflow/dags/hw6_pt1.py
[2025-10-26T23:38:22.728+0000] {processor.py:914} INFO - Processing file /opt/airflow/dags/hw6_pt1.py for tasks to queue
[2025-10-26T23:38:22.732+0000] {logging_mixin.py:190} INFO - [2025-10-26T23:38:22.731+0000] {dagbag.py:587} INFO - Filling up the DagBag from /opt/airflow/dags/hw6_pt1.py
[2025-10-26T23:38:22.749+0000] {logging_mixin.py:190} INFO - [2025-10-26T23:38:22.746+0000] {dagbag.py:483} ERROR - Failed to bag_dag: /opt/airflow/dags/hw6_pt1.py
Traceback (most recent call last):
  File "/home/airflow/.local/lib/python3.12/site-packages/airflow/timetables/_cron.py", line 102, in validate
    croniter(self._expression)
  File "/home/airflow/.local/lib/python3.12/site-packages/croniter/croniter.py", line 217, in __init__
    self.expanded, self.nth_weekday_of_month = self.expand(
                                               ^^^^^^^^^^^^
  File "/home/airflow/.local/lib/python3.12/site-packages/croniter/croniter.py", line 943, in expand
    return cls._expand(expr_format, hash_id=hash_id,
           ^^^^^^^^^^^^^^^^^^^^^^^^^^^^^^^^^^^^^^^^^
  File "/home/airflow/.local/lib/python3.12/site-packages/croniter/croniter.py", line 760, in _expand
    raise CroniterBadCronError(cls.bad_length)
croniter.croniter.CroniterBadCronError: Exactly 5, 6 or 7 columns has to be specified for iterator expression.

During handling of the above exception, another exception occurred:

Traceback (most recent call last):
  File "/home/airflow/.local/lib/python3.12/site-packages/airflow/models/dagbag.py", line 478, in _process_modules
    dag.validate()
  File "/home/airflow/.local/lib/python3.12/site-packages/airflow/models/dag.py", line 845, in validate
    self.timetable.validate()
  File "/home/airflow/.local/lib/python3.12/site-packages/airflow/timetables/_cron.py", line 104, in validate
    raise AirflowTimetableInvalid(str(e))
airflow.exceptions.AirflowTimetableInvalid: Exactly 5, 6 or 7 columns has to be specified for iterator expression.
[2025-10-26T23:38:22.750+0000] {processor.py:927} WARNING - No viable dags retrieved from /opt/airflow/dags/hw6_pt1.py
[2025-10-26T23:38:22.781+0000] {processor.py:208} INFO - Processing /opt/airflow/dags/hw6_pt1.py took 0.065 seconds
[2025-10-26T23:38:53.187+0000] {processor.py:186} INFO - Started process (PID=4326) to work on /opt/airflow/dags/hw6_pt1.py
[2025-10-26T23:38:53.190+0000] {processor.py:914} INFO - Processing file /opt/airflow/dags/hw6_pt1.py for tasks to queue
[2025-10-26T23:38:53.193+0000] {logging_mixin.py:190} INFO - [2025-10-26T23:38:53.193+0000] {dagbag.py:587} INFO - Filling up the DagBag from /opt/airflow/dags/hw6_pt1.py
[2025-10-26T23:38:53.207+0000] {logging_mixin.py:190} INFO - [2025-10-26T23:38:53.204+0000] {dagbag.py:483} ERROR - Failed to bag_dag: /opt/airflow/dags/hw6_pt1.py
Traceback (most recent call last):
  File "/home/airflow/.local/lib/python3.12/site-packages/airflow/timetables/_cron.py", line 102, in validate
    croniter(self._expression)
  File "/home/airflow/.local/lib/python3.12/site-packages/croniter/croniter.py", line 217, in __init__
    self.expanded, self.nth_weekday_of_month = self.expand(
                                               ^^^^^^^^^^^^
  File "/home/airflow/.local/lib/python3.12/site-packages/croniter/croniter.py", line 943, in expand
    return cls._expand(expr_format, hash_id=hash_id,
           ^^^^^^^^^^^^^^^^^^^^^^^^^^^^^^^^^^^^^^^^^
  File "/home/airflow/.local/lib/python3.12/site-packages/croniter/croniter.py", line 760, in _expand
    raise CroniterBadCronError(cls.bad_length)
croniter.croniter.CroniterBadCronError: Exactly 5, 6 or 7 columns has to be specified for iterator expression.

During handling of the above exception, another exception occurred:

Traceback (most recent call last):
  File "/home/airflow/.local/lib/python3.12/site-packages/airflow/models/dagbag.py", line 478, in _process_modules
    dag.validate()
  File "/home/airflow/.local/lib/python3.12/site-packages/airflow/models/dag.py", line 845, in validate
    self.timetable.validate()
  File "/home/airflow/.local/lib/python3.12/site-packages/airflow/timetables/_cron.py", line 104, in validate
    raise AirflowTimetableInvalid(str(e))
airflow.exceptions.AirflowTimetableInvalid: Exactly 5, 6 or 7 columns has to be specified for iterator expression.
[2025-10-26T23:38:53.208+0000] {processor.py:927} WARNING - No viable dags retrieved from /opt/airflow/dags/hw6_pt1.py
[2025-10-26T23:38:53.230+0000] {processor.py:208} INFO - Processing /opt/airflow/dags/hw6_pt1.py took 0.052 seconds
[2025-10-26T23:39:23.559+0000] {processor.py:186} INFO - Started process (PID=4347) to work on /opt/airflow/dags/hw6_pt1.py
[2025-10-26T23:39:23.562+0000] {processor.py:914} INFO - Processing file /opt/airflow/dags/hw6_pt1.py for tasks to queue
[2025-10-26T23:39:23.566+0000] {logging_mixin.py:190} INFO - [2025-10-26T23:39:23.565+0000] {dagbag.py:587} INFO - Filling up the DagBag from /opt/airflow/dags/hw6_pt1.py
[2025-10-26T23:39:23.584+0000] {logging_mixin.py:190} INFO - [2025-10-26T23:39:23.580+0000] {dagbag.py:483} ERROR - Failed to bag_dag: /opt/airflow/dags/hw6_pt1.py
Traceback (most recent call last):
  File "/home/airflow/.local/lib/python3.12/site-packages/airflow/timetables/_cron.py", line 102, in validate
    croniter(self._expression)
  File "/home/airflow/.local/lib/python3.12/site-packages/croniter/croniter.py", line 217, in __init__
    self.expanded, self.nth_weekday_of_month = self.expand(
                                               ^^^^^^^^^^^^
  File "/home/airflow/.local/lib/python3.12/site-packages/croniter/croniter.py", line 943, in expand
    return cls._expand(expr_format, hash_id=hash_id,
           ^^^^^^^^^^^^^^^^^^^^^^^^^^^^^^^^^^^^^^^^^
  File "/home/airflow/.local/lib/python3.12/site-packages/croniter/croniter.py", line 760, in _expand
    raise CroniterBadCronError(cls.bad_length)
croniter.croniter.CroniterBadCronError: Exactly 5, 6 or 7 columns has to be specified for iterator expression.

During handling of the above exception, another exception occurred:

Traceback (most recent call last):
  File "/home/airflow/.local/lib/python3.12/site-packages/airflow/models/dagbag.py", line 478, in _process_modules
    dag.validate()
  File "/home/airflow/.local/lib/python3.12/site-packages/airflow/models/dag.py", line 845, in validate
    self.timetable.validate()
  File "/home/airflow/.local/lib/python3.12/site-packages/airflow/timetables/_cron.py", line 104, in validate
    raise AirflowTimetableInvalid(str(e))
airflow.exceptions.AirflowTimetableInvalid: Exactly 5, 6 or 7 columns has to be specified for iterator expression.
[2025-10-26T23:39:23.585+0000] {processor.py:927} WARNING - No viable dags retrieved from /opt/airflow/dags/hw6_pt1.py
[2025-10-26T23:39:23.619+0000] {processor.py:208} INFO - Processing /opt/airflow/dags/hw6_pt1.py took 0.072 seconds
[2025-10-26T23:39:36.696+0000] {processor.py:186} INFO - Started process (PID=4358) to work on /opt/airflow/dags/hw6_pt1.py
[2025-10-26T23:39:36.699+0000] {processor.py:914} INFO - Processing file /opt/airflow/dags/hw6_pt1.py for tasks to queue
[2025-10-26T23:39:36.702+0000] {logging_mixin.py:190} INFO - [2025-10-26T23:39:36.702+0000] {dagbag.py:587} INFO - Filling up the DagBag from /opt/airflow/dags/hw6_pt1.py
[2025-10-26T23:39:36.726+0000] {processor.py:925} INFO - DAG(s) 'COPY_INTO_DATABASE_FROM_AWS' retrieved from /opt/airflow/dags/hw6_pt1.py
[2025-10-26T23:39:37.021+0000] {logging_mixin.py:190} INFO - [2025-10-26T23:39:37.019+0000] {override.py:1900} INFO - Created Permission View: can edit on DAG:COPY_INTO_DATABASE_FROM_AWS
[2025-10-26T23:39:37.068+0000] {logging_mixin.py:190} INFO - [2025-10-26T23:39:37.068+0000] {override.py:1900} INFO - Created Permission View: can delete on DAG:COPY_INTO_DATABASE_FROM_AWS
[2025-10-26T23:39:37.113+0000] {logging_mixin.py:190} INFO - [2025-10-26T23:39:37.112+0000] {override.py:1900} INFO - Created Permission View: can read on DAG:COPY_INTO_DATABASE_FROM_AWS
[2025-10-26T23:39:37.127+0000] {logging_mixin.py:190} INFO - [2025-10-26T23:39:37.127+0000] {override.py:1900} INFO - Created Permission View: can delete on DAG Run:COPY_INTO_DATABASE_FROM_AWS
[2025-10-26T23:39:37.144+0000] {logging_mixin.py:190} INFO - [2025-10-26T23:39:37.143+0000] {override.py:1900} INFO - Created Permission View: menu access on DAG Run:COPY_INTO_DATABASE_FROM_AWS
[2025-10-26T23:39:37.157+0000] {logging_mixin.py:190} INFO - [2025-10-26T23:39:37.156+0000] {override.py:1900} INFO - Created Permission View: can create on DAG Run:COPY_INTO_DATABASE_FROM_AWS
[2025-10-26T23:39:37.169+0000] {logging_mixin.py:190} INFO - [2025-10-26T23:39:37.168+0000] {override.py:1900} INFO - Created Permission View: can read on DAG Run:COPY_INTO_DATABASE_FROM_AWS
[2025-10-26T23:39:37.171+0000] {logging_mixin.py:190} INFO - [2025-10-26T23:39:37.170+0000] {dag.py:3229} INFO - Sync 1 DAGs
[2025-10-26T23:39:37.189+0000] {logging_mixin.py:190} INFO - [2025-10-26T23:39:37.189+0000] {dag.py:3252} INFO - Creating ORM DAG for COPY_INTO_DATABASE_FROM_AWS
[2025-10-26T23:39:37.209+0000] {logging_mixin.py:190} INFO - [2025-10-26T23:39:37.209+0000] {dag.py:4156} INFO - Setting next_dagrun for COPY_INTO_DATABASE_FROM_AWS to 2025-10-26 02:30:00+00:00, run_after=2025-10-27 02:30:00+00:00
[2025-10-26T23:39:37.247+0000] {processor.py:208} INFO - Processing /opt/airflow/dags/hw6_pt1.py took 0.560 seconds
[2025-10-26T23:40:08.010+0000] {processor.py:186} INFO - Started process (PID=4379) to work on /opt/airflow/dags/hw6_pt1.py
[2025-10-26T23:40:08.013+0000] {processor.py:914} INFO - Processing file /opt/airflow/dags/hw6_pt1.py for tasks to queue
[2025-10-26T23:40:08.017+0000] {logging_mixin.py:190} INFO - [2025-10-26T23:40:08.016+0000] {dagbag.py:587} INFO - Filling up the DagBag from /opt/airflow/dags/hw6_pt1.py
[2025-10-26T23:40:08.034+0000] {processor.py:925} INFO - DAG(s) 'COPY_INTO_DATABASE_FROM_AWS' retrieved from /opt/airflow/dags/hw6_pt1.py
[2025-10-26T23:40:08.069+0000] {logging_mixin.py:190} INFO - [2025-10-26T23:40:08.068+0000] {dag.py:3229} INFO - Sync 1 DAGs
[2025-10-26T23:40:08.098+0000] {logging_mixin.py:190} INFO - [2025-10-26T23:40:08.098+0000] {dag.py:4156} INFO - Setting next_dagrun for COPY_INTO_DATABASE_FROM_AWS to 2025-10-26 02:30:00+00:00, run_after=2025-10-27 02:30:00+00:00
[2025-10-26T23:40:08.123+0000] {processor.py:208} INFO - Processing /opt/airflow/dags/hw6_pt1.py took 0.122 seconds
[2025-10-26T23:40:38.350+0000] {processor.py:186} INFO - Started process (PID=4400) to work on /opt/airflow/dags/hw6_pt1.py
[2025-10-26T23:40:38.351+0000] {processor.py:914} INFO - Processing file /opt/airflow/dags/hw6_pt1.py for tasks to queue
[2025-10-26T23:40:38.355+0000] {logging_mixin.py:190} INFO - [2025-10-26T23:40:38.355+0000] {dagbag.py:587} INFO - Filling up the DagBag from /opt/airflow/dags/hw6_pt1.py
[2025-10-26T23:40:38.370+0000] {processor.py:925} INFO - DAG(s) 'COPY_INTO_DATABASE_FROM_AWS' retrieved from /opt/airflow/dags/hw6_pt1.py
[2025-10-26T23:40:38.401+0000] {logging_mixin.py:190} INFO - [2025-10-26T23:40:38.401+0000] {dag.py:3229} INFO - Sync 1 DAGs
[2025-10-26T23:40:38.431+0000] {logging_mixin.py:190} INFO - [2025-10-26T23:40:38.431+0000] {dag.py:4156} INFO - Setting next_dagrun for COPY_INTO_DATABASE_FROM_AWS to 2025-10-26 02:30:00+00:00, run_after=2025-10-27 02:30:00+00:00
[2025-10-26T23:40:38.456+0000] {processor.py:208} INFO - Processing /opt/airflow/dags/hw6_pt1.py took 0.113 seconds
[2025-10-26T23:41:09.476+0000] {processor.py:186} INFO - Started process (PID=4421) to work on /opt/airflow/dags/hw6_pt1.py
[2025-10-26T23:41:09.478+0000] {processor.py:914} INFO - Processing file /opt/airflow/dags/hw6_pt1.py for tasks to queue
[2025-10-26T23:41:09.482+0000] {logging_mixin.py:190} INFO - [2025-10-26T23:41:09.481+0000] {dagbag.py:587} INFO - Filling up the DagBag from /opt/airflow/dags/hw6_pt1.py
[2025-10-26T23:41:09.497+0000] {processor.py:925} INFO - DAG(s) 'COPY_INTO_DATABASE_FROM_AWS' retrieved from /opt/airflow/dags/hw6_pt1.py
[2025-10-26T23:41:09.528+0000] {logging_mixin.py:190} INFO - [2025-10-26T23:41:09.527+0000] {dag.py:3229} INFO - Sync 1 DAGs
[2025-10-26T23:41:09.556+0000] {logging_mixin.py:190} INFO - [2025-10-26T23:41:09.556+0000] {dag.py:4156} INFO - Setting next_dagrun for COPY_INTO_DATABASE_FROM_AWS to 2025-10-26 02:30:00+00:00, run_after=2025-10-27 02:30:00+00:00
[2025-10-26T23:41:09.578+0000] {processor.py:208} INFO - Processing /opt/airflow/dags/hw6_pt1.py took 0.109 seconds
[2025-10-26T23:41:39.643+0000] {processor.py:186} INFO - Started process (PID=4442) to work on /opt/airflow/dags/hw6_pt1.py
[2025-10-26T23:41:39.645+0000] {processor.py:914} INFO - Processing file /opt/airflow/dags/hw6_pt1.py for tasks to queue
[2025-10-26T23:41:39.648+0000] {logging_mixin.py:190} INFO - [2025-10-26T23:41:39.648+0000] {dagbag.py:587} INFO - Filling up the DagBag from /opt/airflow/dags/hw6_pt1.py
[2025-10-26T23:41:39.664+0000] {processor.py:925} INFO - DAG(s) 'COPY_INTO_DATABASE_FROM_AWS' retrieved from /opt/airflow/dags/hw6_pt1.py
[2025-10-26T23:41:39.694+0000] {logging_mixin.py:190} INFO - [2025-10-26T23:41:39.694+0000] {dag.py:3229} INFO - Sync 1 DAGs
[2025-10-26T23:41:39.729+0000] {logging_mixin.py:190} INFO - [2025-10-26T23:41:39.729+0000] {dag.py:4156} INFO - Setting next_dagrun for COPY_INTO_DATABASE_FROM_AWS to 2025-10-26 02:30:00+00:00, run_after=2025-10-27 02:30:00+00:00
[2025-10-26T23:41:39.752+0000] {processor.py:208} INFO - Processing /opt/airflow/dags/hw6_pt1.py took 0.117 seconds
[2025-10-26T23:42:10.705+0000] {processor.py:186} INFO - Started process (PID=4464) to work on /opt/airflow/dags/hw6_pt1.py
[2025-10-26T23:42:10.707+0000] {processor.py:914} INFO - Processing file /opt/airflow/dags/hw6_pt1.py for tasks to queue
[2025-10-26T23:42:10.712+0000] {logging_mixin.py:190} INFO - [2025-10-26T23:42:10.711+0000] {dagbag.py:587} INFO - Filling up the DagBag from /opt/airflow/dags/hw6_pt1.py
[2025-10-26T23:42:10.730+0000] {processor.py:925} INFO - DAG(s) 'COPY_INTO_DATABASE_FROM_AWS' retrieved from /opt/airflow/dags/hw6_pt1.py
[2025-10-26T23:42:10.770+0000] {logging_mixin.py:190} INFO - [2025-10-26T23:42:10.770+0000] {dag.py:3229} INFO - Sync 1 DAGs
[2025-10-26T23:42:10.804+0000] {logging_mixin.py:190} INFO - [2025-10-26T23:42:10.803+0000] {dag.py:4156} INFO - Setting next_dagrun for COPY_INTO_DATABASE_FROM_AWS to 2025-10-26 02:30:00+00:00, run_after=2025-10-27 02:30:00+00:00
[2025-10-26T23:42:10.824+0000] {processor.py:208} INFO - Processing /opt/airflow/dags/hw6_pt1.py took 0.130 seconds
[2025-10-26T23:42:41.213+0000] {processor.py:186} INFO - Started process (PID=4485) to work on /opt/airflow/dags/hw6_pt1.py
[2025-10-26T23:42:41.215+0000] {processor.py:914} INFO - Processing file /opt/airflow/dags/hw6_pt1.py for tasks to queue
[2025-10-26T23:42:41.219+0000] {logging_mixin.py:190} INFO - [2025-10-26T23:42:41.219+0000] {dagbag.py:587} INFO - Filling up the DagBag from /opt/airflow/dags/hw6_pt1.py
[2025-10-26T23:42:41.237+0000] {processor.py:925} INFO - DAG(s) 'COPY_INTO_DATABASE_FROM_AWS' retrieved from /opt/airflow/dags/hw6_pt1.py
[2025-10-26T23:42:41.267+0000] {logging_mixin.py:190} INFO - [2025-10-26T23:42:41.267+0000] {dag.py:3229} INFO - Sync 1 DAGs
[2025-10-26T23:42:41.296+0000] {logging_mixin.py:190} INFO - [2025-10-26T23:42:41.296+0000] {dag.py:4156} INFO - Setting next_dagrun for COPY_INTO_DATABASE_FROM_AWS to 2025-10-26 02:30:00+00:00, run_after=2025-10-27 02:30:00+00:00
[2025-10-26T23:42:41.318+0000] {processor.py:208} INFO - Processing /opt/airflow/dags/hw6_pt1.py took 0.112 seconds
[2025-10-26T23:43:11.571+0000] {processor.py:186} INFO - Started process (PID=4506) to work on /opt/airflow/dags/hw6_pt1.py
[2025-10-26T23:43:11.574+0000] {processor.py:914} INFO - Processing file /opt/airflow/dags/hw6_pt1.py for tasks to queue
[2025-10-26T23:43:11.578+0000] {logging_mixin.py:190} INFO - [2025-10-26T23:43:11.577+0000] {dagbag.py:587} INFO - Filling up the DagBag from /opt/airflow/dags/hw6_pt1.py
[2025-10-26T23:43:11.595+0000] {processor.py:925} INFO - DAG(s) 'COPY_INTO_DATABASE_FROM_AWS' retrieved from /opt/airflow/dags/hw6_pt1.py
[2025-10-26T23:43:11.630+0000] {logging_mixin.py:190} INFO - [2025-10-26T23:43:11.630+0000] {dag.py:3229} INFO - Sync 1 DAGs
[2025-10-26T23:43:11.663+0000] {logging_mixin.py:190} INFO - [2025-10-26T23:43:11.663+0000] {dag.py:4156} INFO - Setting next_dagrun for COPY_INTO_DATABASE_FROM_AWS to 2025-10-26 02:30:00+00:00, run_after=2025-10-27 02:30:00+00:00
[2025-10-26T23:43:11.687+0000] {processor.py:208} INFO - Processing /opt/airflow/dags/hw6_pt1.py took 0.125 seconds
[2025-10-26T23:43:41.794+0000] {processor.py:186} INFO - Started process (PID=4527) to work on /opt/airflow/dags/hw6_pt1.py
[2025-10-26T23:43:41.797+0000] {processor.py:914} INFO - Processing file /opt/airflow/dags/hw6_pt1.py for tasks to queue
[2025-10-26T23:43:41.800+0000] {logging_mixin.py:190} INFO - [2025-10-26T23:43:41.800+0000] {dagbag.py:587} INFO - Filling up the DagBag from /opt/airflow/dags/hw6_pt1.py
[2025-10-26T23:43:41.815+0000] {processor.py:925} INFO - DAG(s) 'COPY_INTO_DATABASE_FROM_AWS' retrieved from /opt/airflow/dags/hw6_pt1.py
[2025-10-26T23:43:41.848+0000] {logging_mixin.py:190} INFO - [2025-10-26T23:43:41.848+0000] {dag.py:3229} INFO - Sync 1 DAGs
[2025-10-26T23:43:41.879+0000] {logging_mixin.py:190} INFO - [2025-10-26T23:43:41.879+0000] {dag.py:4156} INFO - Setting next_dagrun for COPY_INTO_DATABASE_FROM_AWS to 2025-10-26 02:30:00+00:00, run_after=2025-10-27 02:30:00+00:00
[2025-10-26T23:43:41.905+0000] {processor.py:208} INFO - Processing /opt/airflow/dags/hw6_pt1.py took 0.118 seconds
[2025-10-26T23:44:11.964+0000] {processor.py:186} INFO - Started process (PID=4547) to work on /opt/airflow/dags/hw6_pt1.py
[2025-10-26T23:44:11.969+0000] {processor.py:914} INFO - Processing file /opt/airflow/dags/hw6_pt1.py for tasks to queue
[2025-10-26T23:44:11.977+0000] {logging_mixin.py:190} INFO - [2025-10-26T23:44:11.976+0000] {dagbag.py:587} INFO - Filling up the DagBag from /opt/airflow/dags/hw6_pt1.py
[2025-10-26T23:44:12.003+0000] {processor.py:925} INFO - DAG(s) 'COPY_INTO_DATABASE_FROM_AWS' retrieved from /opt/airflow/dags/hw6_pt1.py
[2025-10-26T23:44:12.054+0000] {logging_mixin.py:190} INFO - [2025-10-26T23:44:12.053+0000] {dag.py:3229} INFO - Sync 1 DAGs
[2025-10-26T23:44:12.109+0000] {logging_mixin.py:190} INFO - [2025-10-26T23:44:12.109+0000] {dag.py:4156} INFO - Setting next_dagrun for COPY_INTO_DATABASE_FROM_AWS to 2025-10-26 02:30:00+00:00, run_after=2025-10-27 02:30:00+00:00
[2025-10-26T23:44:12.179+0000] {processor.py:208} INFO - Processing /opt/airflow/dags/hw6_pt1.py took 0.227 seconds
